The system is: Linux - 3.6.11+ - armv6l
Compiling the C compiler identification source file "CMakeCCompilerId.c" succeeded.
Compiler: /usr/bin/gcc 
Build flags: 
Id flags: 

The output was:
0


Compilation of the C compiler identification source "CMakeCCompilerId.c" produced "a.out"

The C compiler identification is GNU, found in "/home/jezierski/public_html/soap_server/CMakeFiles/CompilerIdC/a.out"

Compiling the CXX compiler identification source file "CMakeCXXCompilerId.cpp" succeeded.
Compiler: /usr/bin/g++ 
Build flags: 
Id flags: 

The output was:
0


Compilation of the CXX compiler identification source "CMakeCXXCompilerId.cpp" produced "a.out"

The CXX compiler identification is GNU, found in "/home/jezierski/public_html/soap_server/CMakeFiles/CompilerIdCXX/a.out"

Determining if the C compiler works passed with the following output:
Change Dir: /home/jezierski/public_html/soap_server/CMakeFiles/CMakeTmp

Run Build Command:/usr/bin/make "cmTryCompileExec2474883447/fast"
/usr/bin/make -f CMakeFiles/cmTryCompileExec2474883447.dir/build.make CMakeFiles/cmTryCompileExec2474883447.dir/build
make[1]: Wejście do katalogu `/home/jezierski/public_html/soap_server/CMakeFiles/CMakeTmp'
/usr/bin/cmake -E cmake_progress_report /home/jezierski/public_html/soap_server/CMakeFiles/CMakeTmp/CMakeFiles 1
Building C object CMakeFiles/cmTryCompileExec2474883447.dir/testCCompiler.c.o
/usr/bin/gcc    -o CMakeFiles/cmTryCompileExec2474883447.dir/testCCompiler.c.o   -c /home/jezierski/public_html/soap_server/CMakeFiles/CMakeTmp/testCCompiler.c
Linking C executable cmTryCompileExec2474883447
/usr/bin/cmake -E cmake_link_script CMakeFiles/cmTryCompileExec2474883447.dir/link.txt --verbose=1
/usr/bin/gcc         CMakeFiles/cmTryCompileExec2474883447.dir/testCCompiler.c.o  -o cmTryCompileExec2474883447 -rdynamic 
make[1]: Opuszczenie katalogu `/home/jezierski/public_html/soap_server/CMakeFiles/CMakeTmp'


Detecting C compiler ABI info compiled with the following output:
Change Dir: /home/jezierski/public_html/soap_server/CMakeFiles/CMakeTmp

Run Build Command:/usr/bin/make "cmTryCompileExec1163412341/fast"
/usr/bin/make -f CMakeFiles/cmTryCompileExec1163412341.dir/build.make CMakeFiles/cmTryCompileExec1163412341.dir/build
make[1]: Wejście do katalogu `/home/jezierski/public_html/soap_server/CMakeFiles/CMakeTmp'
/usr/bin/cmake -E cmake_progress_report /home/jezierski/public_html/soap_server/CMakeFiles/CMakeTmp/CMakeFiles 1
Building C object CMakeFiles/cmTryCompileExec1163412341.dir/CMakeCCompilerABI.c.o
/usr/bin/gcc    -o CMakeFiles/cmTryCompileExec1163412341.dir/CMakeCCompilerABI.c.o   -c /usr/share/cmake-2.8/Modules/CMakeCCompilerABI.c
Linking C executable cmTryCompileExec1163412341
/usr/bin/cmake -E cmake_link_script CMakeFiles/cmTryCompileExec1163412341.dir/link.txt --verbose=1
/usr/bin/gcc       -v CMakeFiles/cmTryCompileExec1163412341.dir/CMakeCCompilerABI.c.o  -o cmTryCompileExec1163412341 -rdynamic  
Using built-in specs.
COLLECT_GCC=/usr/bin/gcc
COLLECT_LTO_WRAPPER=/usr/lib/gcc/arm-linux-gnueabihf/4.7/lto-wrapper
Target: arm-linux-gnueabihf
Configured with: ../src/configure -v --with-pkgversion='Debian 4.7.2-5+rpi1' --with-bugurl=file:///usr/share/doc/gcc-4.7/README.Bugs --enable-languages=c,c++,go,fortran,objc,obj-c++ --prefix=/usr --program-suffix=-4.7 --enable-shared --enable-linker-build-id --with-system-zlib --libexecdir=/usr/lib --without-included-gettext --enable-threads=posix --with-gxx-include-dir=/usr/include/c++/4.7 --libdir=/usr/lib --enable-nls --with-sysroot=/ --enable-clocale=gnu --enable-libstdcxx-debug --enable-libstdcxx-time=yes --enable-gnu-unique-object --disable-libitm --enable-plugin --enable-objc-gc --disable-sjlj-exceptions --with-arch=armv6 --with-fpu=vfp --with-float=hard --enable-checking=release --build=arm-linux-gnueabihf --host=arm-linux-gnueabihf --target=arm-linux-gnueabihf
Thread model: posix
gcc version 4.7.2 (Debian 4.7.2-5+rpi1) 
COMPILER_PATH=/usr/lib/gcc/arm-linux-gnueabihf/4.7/:/usr/lib/gcc/arm-linux-gnueabihf/4.7/:/usr/lib/gcc/arm-linux-gnueabihf/:/usr/lib/gcc/arm-linux-gnueabihf/4.7/:/usr/lib/gcc/arm-linux-gnueabihf/
LIBRARY_PATH=/usr/lib/gcc/arm-linux-gnueabihf/4.7/:/usr/lib/gcc/arm-linux-gnueabihf/4.7/../../../arm-linux-gnueabihf/:/usr/lib/gcc/arm-linux-gnueabihf/4.7/../../../:/lib/arm-linux-gnueabihf/:/lib/:/usr/lib/arm-linux-gnueabihf/:/usr/lib/
COLLECT_GCC_OPTIONS='-v' '-o' 'cmTryCompileExec1163412341' '-rdynamic' '-march=armv6' '-mfloat-abi=hard' '-mfpu=vfp' '-mtls-dialect=gnu'
 /usr/lib/gcc/arm-linux-gnueabihf/4.7/collect2 --sysroot=/ --build-id --no-add-needed --eh-frame-hdr -export-dynamic -dynamic-linker /lib/ld-linux-armhf.so.3 -X --hash-style=both -m armelf_linux_eabi -o cmTryCompileExec1163412341 /usr/lib/gcc/arm-linux-gnueabihf/4.7/../../../arm-linux-gnueabihf/crt1.o /usr/lib/gcc/arm-linux-gnueabihf/4.7/../../../arm-linux-gnueabihf/crti.o /usr/lib/gcc/arm-linux-gnueabihf/4.7/crtbegin.o -L/usr/lib/gcc/arm-linux-gnueabihf/4.7 -L/usr/lib/gcc/arm-linux-gnueabihf/4.7/../../../arm-linux-gnueabihf -L/usr/lib/gcc/arm-linux-gnueabihf/4.7/../../.. -L/lib/arm-linux-gnueabihf -L/usr/lib/arm-linux-gnueabihf CMakeFiles/cmTryCompileExec1163412341.dir/CMakeCCompilerABI.c.o -lgcc --as-needed -lgcc_s --no-as-needed -lc -lgcc --as-needed -lgcc_s --no-as-needed /usr/lib/gcc/arm-linux-gnueabihf/4.7/crtend.o /usr/lib/gcc/arm-linux-gnueabihf/4.7/../../../arm-linux-gnueabihf/crtn.o
make[1]: Opuszczenie katalogu `/home/jezierski/public_html/soap_server/CMakeFiles/CMakeTmp'


Parsed C implicit link information from above output:
  link line regex: [^( *|.*[/\])(ld|ld|collect2)[^/\]*( |$)]
  ignore line: [Change Dir: /home/jezierski/public_html/soap_server/CMakeFiles/CMakeTmp]
  ignore line: []
  ignore line: [Run Build Command:/usr/bin/make "cmTryCompileExec1163412341/fast"]
  ignore line: [/usr/bin/make -f CMakeFiles/cmTryCompileExec1163412341.dir/build.make CMakeFiles/cmTryCompileExec1163412341.dir/build]
  ignore line: [make[1]: Wejście do katalogu `/home/jezierski/public_html/soap_server/CMakeFiles/CMakeTmp']
  ignore line: [/usr/bin/cmake -E cmake_progress_report /home/jezierski/public_html/soap_server/CMakeFiles/CMakeTmp/CMakeFiles 1]
  ignore line: [Building C object CMakeFiles/cmTryCompileExec1163412341.dir/CMakeCCompilerABI.c.o]
  ignore line: [/usr/bin/gcc    -o CMakeFiles/cmTryCompileExec1163412341.dir/CMakeCCompilerABI.c.o   -c /usr/share/cmake-2.8/Modules/CMakeCCompilerABI.c]
  ignore line: [Linking C executable cmTryCompileExec1163412341]
  ignore line: [/usr/bin/cmake -E cmake_link_script CMakeFiles/cmTryCompileExec1163412341.dir/link.txt --verbose=1]
  ignore line: [/usr/bin/gcc       -v CMakeFiles/cmTryCompileExec1163412341.dir/CMakeCCompilerABI.c.o  -o cmTryCompileExec1163412341 -rdynamic  ]
  ignore line: [Using built-in specs.]
  ignore line: [COLLECT_GCC=/usr/bin/gcc]
  ignore line: [COLLECT_LTO_WRAPPER=/usr/lib/gcc/arm-linux-gnueabihf/4.7/lto-wrapper]
  ignore line: [Target: arm-linux-gnueabihf]
  ignore line: [Configured with: ../src/configure -v --with-pkgversion='Debian 4.7.2-5+rpi1' --with-bugurl=file:///usr/share/doc/gcc-4.7/README.Bugs --enable-languages=c,c++,go,fortran,objc,obj-c++ --prefix=/usr --program-suffix=-4.7 --enable-shared --enable-linker-build-id --with-system-zlib --libexecdir=/usr/lib --without-included-gettext --enable-threads=posix --with-gxx-include-dir=/usr/include/c++/4.7 --libdir=/usr/lib --enable-nls --with-sysroot=/ --enable-clocale=gnu --enable-libstdcxx-debug --enable-libstdcxx-time=yes --enable-gnu-unique-object --disable-libitm --enable-plugin --enable-objc-gc --disable-sjlj-exceptions --with-arch=armv6 --with-fpu=vfp --with-float=hard --enable-checking=release --build=arm-linux-gnueabihf --host=arm-linux-gnueabihf --target=arm-linux-gnueabihf]
  ignore line: [Thread model: posix]
  ignore line: [gcc version 4.7.2 (Debian 4.7.2-5+rpi1) ]
  ignore line: [COMPILER_PATH=/usr/lib/gcc/arm-linux-gnueabihf/4.7/:/usr/lib/gcc/arm-linux-gnueabihf/4.7/:/usr/lib/gcc/arm-linux-gnueabihf/:/usr/lib/gcc/arm-linux-gnueabihf/4.7/:/usr/lib/gcc/arm-linux-gnueabihf/]
  ignore line: [LIBRARY_PATH=/usr/lib/gcc/arm-linux-gnueabihf/4.7/:/usr/lib/gcc/arm-linux-gnueabihf/4.7/../../../arm-linux-gnueabihf/:/usr/lib/gcc/arm-linux-gnueabihf/4.7/../../../:/lib/arm-linux-gnueabihf/:/lib/:/usr/lib/arm-linux-gnueabihf/:/usr/lib/]
  ignore line: [COLLECT_GCC_OPTIONS='-v' '-o' 'cmTryCompileExec1163412341' '-rdynamic' '-march=armv6' '-mfloat-abi=hard' '-mfpu=vfp' '-mtls-dialect=gnu']
  link line: [ /usr/lib/gcc/arm-linux-gnueabihf/4.7/collect2 --sysroot=/ --build-id --no-add-needed --eh-frame-hdr -export-dynamic -dynamic-linker /lib/ld-linux-armhf.so.3 -X --hash-style=both -m armelf_linux_eabi -o cmTryCompileExec1163412341 /usr/lib/gcc/arm-linux-gnueabihf/4.7/../../../arm-linux-gnueabihf/crt1.o /usr/lib/gcc/arm-linux-gnueabihf/4.7/../../../arm-linux-gnueabihf/crti.o /usr/lib/gcc/arm-linux-gnueabihf/4.7/crtbegin.o -L/usr/lib/gcc/arm-linux-gnueabihf/4.7 -L/usr/lib/gcc/arm-linux-gnueabihf/4.7/../../../arm-linux-gnueabihf -L/usr/lib/gcc/arm-linux-gnueabihf/4.7/../../.. -L/lib/arm-linux-gnueabihf -L/usr/lib/arm-linux-gnueabihf CMakeFiles/cmTryCompileExec1163412341.dir/CMakeCCompilerABI.c.o -lgcc --as-needed -lgcc_s --no-as-needed -lc -lgcc --as-needed -lgcc_s --no-as-needed /usr/lib/gcc/arm-linux-gnueabihf/4.7/crtend.o /usr/lib/gcc/arm-linux-gnueabihf/4.7/../../../arm-linux-gnueabihf/crtn.o]
    arg [/usr/lib/gcc/arm-linux-gnueabihf/4.7/collect2] ==> ignore
    arg [--sysroot=/] ==> ignore
    arg [--build-id] ==> ignore
    arg [--no-add-needed] ==> ignore
    arg [--eh-frame-hdr] ==> ignore
    arg [-export-dynamic] ==> ignore
    arg [-dynamic-linker] ==> ignore
    arg [/lib/ld-linux-armhf.so.3] ==> ignore
    arg [-X] ==> ignore
    arg [--hash-style=both] ==> ignore
    arg [-m] ==> ignore
    arg [armelf_linux_eabi] ==> ignore
    arg [-o] ==> ignore
    arg [cmTryCompileExec1163412341] ==> ignore
    arg [/usr/lib/gcc/arm-linux-gnueabihf/4.7/../../../arm-linux-gnueabihf/crt1.o] ==> ignore
    arg [/usr/lib/gcc/arm-linux-gnueabihf/4.7/../../../arm-linux-gnueabihf/crti.o] ==> ignore
    arg [/usr/lib/gcc/arm-linux-gnueabihf/4.7/crtbegin.o] ==> ignore
    arg [-L/usr/lib/gcc/arm-linux-gnueabihf/4.7] ==> dir [/usr/lib/gcc/arm-linux-gnueabihf/4.7]
    arg [-L/usr/lib/gcc/arm-linux-gnueabihf/4.7/../../../arm-linux-gnueabihf] ==> dir [/usr/lib/gcc/arm-linux-gnueabihf/4.7/../../../arm-linux-gnueabihf]
    arg [-L/usr/lib/gcc/arm-linux-gnueabihf/4.7/../../..] ==> dir [/usr/lib/gcc/arm-linux-gnueabihf/4.7/../../..]
    arg [-L/lib/arm-linux-gnueabihf] ==> dir [/lib/arm-linux-gnueabihf]
    arg [-L/usr/lib/arm-linux-gnueabihf] ==> dir [/usr/lib/arm-linux-gnueabihf]
    arg [CMakeFiles/cmTryCompileExec1163412341.dir/CMakeCCompilerABI.c.o] ==> ignore
    arg [-lgcc] ==> lib [gcc]
    arg [--as-needed] ==> ignore
    arg [-lgcc_s] ==> lib [gcc_s]
    arg [--no-as-needed] ==> ignore
    arg [-lc] ==> lib [c]
    arg [-lgcc] ==> lib [gcc]
    arg [--as-needed] ==> ignore
    arg [-lgcc_s] ==> lib [gcc_s]
    arg [--no-as-needed] ==> ignore
    arg [/usr/lib/gcc/arm-linux-gnueabihf/4.7/crtend.o] ==> ignore
    arg [/usr/lib/gcc/arm-linux-gnueabihf/4.7/../../../arm-linux-gnueabihf/crtn.o] ==> ignore
  remove lib [gcc]
  remove lib [gcc_s]
  remove lib [gcc]
  remove lib [gcc_s]
  collapse dir [/usr/lib/gcc/arm-linux-gnueabihf/4.7] ==> [/usr/lib/gcc/arm-linux-gnueabihf/4.7]
  collapse dir [/usr/lib/gcc/arm-linux-gnueabihf/4.7/../../../arm-linux-gnueabihf] ==> [/usr/lib/arm-linux-gnueabihf]
  collapse dir [/usr/lib/gcc/arm-linux-gnueabihf/4.7/../../..] ==> [/usr/lib]
  collapse dir [/lib/arm-linux-gnueabihf] ==> [/lib/arm-linux-gnueabihf]
  collapse dir [/usr/lib/arm-linux-gnueabihf] ==> [/usr/lib/arm-linux-gnueabihf]
  implicit libs: [c]
  implicit dirs: [/usr/lib/gcc/arm-linux-gnueabihf/4.7;/usr/lib/arm-linux-gnueabihf;/usr/lib;/lib/arm-linux-gnueabihf]


Determining if the CXX compiler works passed with the following output:
Change Dir: /home/jezierski/public_html/soap_server/CMakeFiles/CMakeTmp

Run Build Command:/usr/bin/make "cmTryCompileExec606221069/fast"
/usr/bin/make -f CMakeFiles/cmTryCompileExec606221069.dir/build.make CMakeFiles/cmTryCompileExec606221069.dir/build
make[1]: Wejście do katalogu `/home/jezierski/public_html/soap_server/CMakeFiles/CMakeTmp'
/usr/bin/cmake -E cmake_progress_report /home/jezierski/public_html/soap_server/CMakeFiles/CMakeTmp/CMakeFiles 1
Building CXX object CMakeFiles/cmTryCompileExec606221069.dir/testCXXCompiler.cxx.o
/usr/bin/g++     -o CMakeFiles/cmTryCompileExec606221069.dir/testCXXCompiler.cxx.o -c /home/jezierski/public_html/soap_server/CMakeFiles/CMakeTmp/testCXXCompiler.cxx
Linking CXX executable cmTryCompileExec606221069
/usr/bin/cmake -E cmake_link_script CMakeFiles/cmTryCompileExec606221069.dir/link.txt --verbose=1
/usr/bin/g++          CMakeFiles/cmTryCompileExec606221069.dir/testCXXCompiler.cxx.o  -o cmTryCompileExec606221069 -rdynamic 
make[1]: Opuszczenie katalogu `/home/jezierski/public_html/soap_server/CMakeFiles/CMakeTmp'


Detecting CXX compiler ABI info compiled with the following output:
Change Dir: /home/jezierski/public_html/soap_server/CMakeFiles/CMakeTmp

Run Build Command:/usr/bin/make "cmTryCompileExec3795292441/fast"
/usr/bin/make -f CMakeFiles/cmTryCompileExec3795292441.dir/build.make CMakeFiles/cmTryCompileExec3795292441.dir/build
make[1]: Wejście do katalogu `/home/jezierski/public_html/soap_server/CMakeFiles/CMakeTmp'
/usr/bin/cmake -E cmake_progress_report /home/jezierski/public_html/soap_server/CMakeFiles/CMakeTmp/CMakeFiles 1
Building CXX object CMakeFiles/cmTryCompileExec3795292441.dir/CMakeCXXCompilerABI.cpp.o
/usr/bin/g++     -o CMakeFiles/cmTryCompileExec3795292441.dir/CMakeCXXCompilerABI.cpp.o -c /usr/share/cmake-2.8/Modules/CMakeCXXCompilerABI.cpp
Linking CXX executable cmTryCompileExec3795292441
/usr/bin/cmake -E cmake_link_script CMakeFiles/cmTryCompileExec3795292441.dir/link.txt --verbose=1
/usr/bin/g++        -v CMakeFiles/cmTryCompileExec3795292441.dir/CMakeCXXCompilerABI.cpp.o  -o cmTryCompileExec3795292441 -rdynamic  
Using built-in specs.
COLLECT_GCC=/usr/bin/g++
COLLECT_LTO_WRAPPER=/usr/lib/gcc/arm-linux-gnueabihf/4.7/lto-wrapper
Target: arm-linux-gnueabihf
Configured with: ../src/configure -v --with-pkgversion='Debian 4.7.2-5+rpi1' --with-bugurl=file:///usr/share/doc/gcc-4.7/README.Bugs --enable-languages=c,c++,go,fortran,objc,obj-c++ --prefix=/usr --program-suffix=-4.7 --enable-shared --enable-linker-build-id --with-system-zlib --libexecdir=/usr/lib --without-included-gettext --enable-threads=posix --with-gxx-include-dir=/usr/include/c++/4.7 --libdir=/usr/lib --enable-nls --with-sysroot=/ --enable-clocale=gnu --enable-libstdcxx-debug --enable-libstdcxx-time=yes --enable-gnu-unique-object --disable-libitm --enable-plugin --enable-objc-gc --disable-sjlj-exceptions --with-arch=armv6 --with-fpu=vfp --with-float=hard --enable-checking=release --build=arm-linux-gnueabihf --host=arm-linux-gnueabihf --target=arm-linux-gnueabihf
Thread model: posix
gcc version 4.7.2 (Debian 4.7.2-5+rpi1) 
COMPILER_PATH=/usr/lib/gcc/arm-linux-gnueabihf/4.7/:/usr/lib/gcc/arm-linux-gnueabihf/4.7/:/usr/lib/gcc/arm-linux-gnueabihf/:/usr/lib/gcc/arm-linux-gnueabihf/4.7/:/usr/lib/gcc/arm-linux-gnueabihf/
LIBRARY_PATH=/usr/lib/gcc/arm-linux-gnueabihf/4.7/:/usr/lib/gcc/arm-linux-gnueabihf/4.7/../../../arm-linux-gnueabihf/:/usr/lib/gcc/arm-linux-gnueabihf/4.7/../../../:/lib/arm-linux-gnueabihf/:/lib/:/usr/lib/arm-linux-gnueabihf/:/usr/lib/
COLLECT_GCC_OPTIONS='-v' '-o' 'cmTryCompileExec3795292441' '-rdynamic' '-shared-libgcc' '-march=armv6' '-mfloat-abi=hard' '-mfpu=vfp' '-mtls-dialect=gnu'
 /usr/lib/gcc/arm-linux-gnueabihf/4.7/collect2 --sysroot=/ --build-id --no-add-needed --eh-frame-hdr -export-dynamic -dynamic-linker /lib/ld-linux-armhf.so.3 -X --hash-style=both -m armelf_linux_eabi -o cmTryCompileExec3795292441 /usr/lib/gcc/arm-linux-gnueabihf/4.7/../../../arm-linux-gnueabihf/crt1.o /usr/lib/gcc/arm-linux-gnueabihf/4.7/../../../arm-linux-gnueabihf/crti.o /usr/lib/gcc/arm-linux-gnueabihf/4.7/crtbegin.o -L/usr/lib/gcc/arm-linux-gnueabihf/4.7 -L/usr/lib/gcc/arm-linux-gnueabihf/4.7/../../../arm-linux-gnueabihf -L/usr/lib/gcc/arm-linux-gnueabihf/4.7/../../.. -L/lib/arm-linux-gnueabihf -L/usr/lib/arm-linux-gnueabihf CMakeFiles/cmTryCompileExec3795292441.dir/CMakeCXXCompilerABI.cpp.o -lstdc++ -lm -lgcc_s -lgcc -lc -lgcc_s -lgcc /usr/lib/gcc/arm-linux-gnueabihf/4.7/crtend.o /usr/lib/gcc/arm-linux-gnueabihf/4.7/../../../arm-linux-gnueabihf/crtn.o
make[1]: Opuszczenie katalogu `/home/jezierski/public_html/soap_server/CMakeFiles/CMakeTmp'


Parsed CXX implicit link information from above output:
  link line regex: [^( *|.*[/\])(ld|ld|collect2)[^/\]*( |$)]
  ignore line: [Change Dir: /home/jezierski/public_html/soap_server/CMakeFiles/CMakeTmp]
  ignore line: []
  ignore line: [Run Build Command:/usr/bin/make "cmTryCompileExec3795292441/fast"]
  ignore line: [/usr/bin/make -f CMakeFiles/cmTryCompileExec3795292441.dir/build.make CMakeFiles/cmTryCompileExec3795292441.dir/build]
  ignore line: [make[1]: Wejście do katalogu `/home/jezierski/public_html/soap_server/CMakeFiles/CMakeTmp']
  ignore line: [/usr/bin/cmake -E cmake_progress_report /home/jezierski/public_html/soap_server/CMakeFiles/CMakeTmp/CMakeFiles 1]
  ignore line: [Building CXX object CMakeFiles/cmTryCompileExec3795292441.dir/CMakeCXXCompilerABI.cpp.o]
  ignore line: [/usr/bin/g++     -o CMakeFiles/cmTryCompileExec3795292441.dir/CMakeCXXCompilerABI.cpp.o -c /usr/share/cmake-2.8/Modules/CMakeCXXCompilerABI.cpp]
  ignore line: [Linking CXX executable cmTryCompileExec3795292441]
  ignore line: [/usr/bin/cmake -E cmake_link_script CMakeFiles/cmTryCompileExec3795292441.dir/link.txt --verbose=1]
  ignore line: [/usr/bin/g++        -v CMakeFiles/cmTryCompileExec3795292441.dir/CMakeCXXCompilerABI.cpp.o  -o cmTryCompileExec3795292441 -rdynamic  ]
  ignore line: [Using built-in specs.]
  ignore line: [COLLECT_GCC=/usr/bin/g++]
  ignore line: [COLLECT_LTO_WRAPPER=/usr/lib/gcc/arm-linux-gnueabihf/4.7/lto-wrapper]
  ignore line: [Target: arm-linux-gnueabihf]
  ignore line: [Configured with: ../src/configure -v --with-pkgversion='Debian 4.7.2-5+rpi1' --with-bugurl=file:///usr/share/doc/gcc-4.7/README.Bugs --enable-languages=c,c++,go,fortran,objc,obj-c++ --prefix=/usr --program-suffix=-4.7 --enable-shared --enable-linker-build-id --with-system-zlib --libexecdir=/usr/lib --without-included-gettext --enable-threads=posix --with-gxx-include-dir=/usr/include/c++/4.7 --libdir=/usr/lib --enable-nls --with-sysroot=/ --enable-clocale=gnu --enable-libstdcxx-debug --enable-libstdcxx-time=yes --enable-gnu-unique-object --disable-libitm --enable-plugin --enable-objc-gc --disable-sjlj-exceptions --with-arch=armv6 --with-fpu=vfp --with-float=hard --enable-checking=release --build=arm-linux-gnueabihf --host=arm-linux-gnueabihf --target=arm-linux-gnueabihf]
  ignore line: [Thread model: posix]
  ignore line: [gcc version 4.7.2 (Debian 4.7.2-5+rpi1) ]
  ignore line: [COMPILER_PATH=/usr/lib/gcc/arm-linux-gnueabihf/4.7/:/usr/lib/gcc/arm-linux-gnueabihf/4.7/:/usr/lib/gcc/arm-linux-gnueabihf/:/usr/lib/gcc/arm-linux-gnueabihf/4.7/:/usr/lib/gcc/arm-linux-gnueabihf/]
  ignore line: [LIBRARY_PATH=/usr/lib/gcc/arm-linux-gnueabihf/4.7/:/usr/lib/gcc/arm-linux-gnueabihf/4.7/../../../arm-linux-gnueabihf/:/usr/lib/gcc/arm-linux-gnueabihf/4.7/../../../:/lib/arm-linux-gnueabihf/:/lib/:/usr/lib/arm-linux-gnueabihf/:/usr/lib/]
  ignore line: [COLLECT_GCC_OPTIONS='-v' '-o' 'cmTryCompileExec3795292441' '-rdynamic' '-shared-libgcc' '-march=armv6' '-mfloat-abi=hard' '-mfpu=vfp' '-mtls-dialect=gnu']
  link line: [ /usr/lib/gcc/arm-linux-gnueabihf/4.7/collect2 --sysroot=/ --build-id --no-add-needed --eh-frame-hdr -export-dynamic -dynamic-linker /lib/ld-linux-armhf.so.3 -X --hash-style=both -m armelf_linux_eabi -o cmTryCompileExec3795292441 /usr/lib/gcc/arm-linux-gnueabihf/4.7/../../../arm-linux-gnueabihf/crt1.o /usr/lib/gcc/arm-linux-gnueabihf/4.7/../../../arm-linux-gnueabihf/crti.o /usr/lib/gcc/arm-linux-gnueabihf/4.7/crtbegin.o -L/usr/lib/gcc/arm-linux-gnueabihf/4.7 -L/usr/lib/gcc/arm-linux-gnueabihf/4.7/../../../arm-linux-gnueabihf -L/usr/lib/gcc/arm-linux-gnueabihf/4.7/../../.. -L/lib/arm-linux-gnueabihf -L/usr/lib/arm-linux-gnueabihf CMakeFiles/cmTryCompileExec3795292441.dir/CMakeCXXCompilerABI.cpp.o -lstdc++ -lm -lgcc_s -lgcc -lc -lgcc_s -lgcc /usr/lib/gcc/arm-linux-gnueabihf/4.7/crtend.o /usr/lib/gcc/arm-linux-gnueabihf/4.7/../../../arm-linux-gnueabihf/crtn.o]
    arg [/usr/lib/gcc/arm-linux-gnueabihf/4.7/collect2] ==> ignore
    arg [--sysroot=/] ==> ignore
    arg [--build-id] ==> ignore
    arg [--no-add-needed] ==> ignore
    arg [--eh-frame-hdr] ==> ignore
    arg [-export-dynamic] ==> ignore
    arg [-dynamic-linker] ==> ignore
    arg [/lib/ld-linux-armhf.so.3] ==> ignore
    arg [-X] ==> ignore
    arg [--hash-style=both] ==> ignore
    arg [-m] ==> ignore
    arg [armelf_linux_eabi] ==> ignore
    arg [-o] ==> ignore
    arg [cmTryCompileExec3795292441] ==> ignore
    arg [/usr/lib/gcc/arm-linux-gnueabihf/4.7/../../../arm-linux-gnueabihf/crt1.o] ==> ignore
    arg [/usr/lib/gcc/arm-linux-gnueabihf/4.7/../../../arm-linux-gnueabihf/crti.o] ==> ignore
    arg [/usr/lib/gcc/arm-linux-gnueabihf/4.7/crtbegin.o] ==> ignore
    arg [-L/usr/lib/gcc/arm-linux-gnueabihf/4.7] ==> dir [/usr/lib/gcc/arm-linux-gnueabihf/4.7]
    arg [-L/usr/lib/gcc/arm-linux-gnueabihf/4.7/../../../arm-linux-gnueabihf] ==> dir [/usr/lib/gcc/arm-linux-gnueabihf/4.7/../../../arm-linux-gnueabihf]
    arg [-L/usr/lib/gcc/arm-linux-gnueabihf/4.7/../../..] ==> dir [/usr/lib/gcc/arm-linux-gnueabihf/4.7/../../..]
    arg [-L/lib/arm-linux-gnueabihf] ==> dir [/lib/arm-linux-gnueabihf]
    arg [-L/usr/lib/arm-linux-gnueabihf] ==> dir [/usr/lib/arm-linux-gnueabihf]
    arg [CMakeFiles/cmTryCompileExec3795292441.dir/CMakeCXXCompilerABI.cpp.o] ==> ignore
    arg [-lstdc++] ==> lib [stdc++]
    arg [-lm] ==> lib [m]
    arg [-lgcc_s] ==> lib [gcc_s]
    arg [-lgcc] ==> lib [gcc]
    arg [-lc] ==> lib [c]
    arg [-lgcc_s] ==> lib [gcc_s]
    arg [-lgcc] ==> lib [gcc]
    arg [/usr/lib/gcc/arm-linux-gnueabihf/4.7/crtend.o] ==> ignore
    arg [/usr/lib/gcc/arm-linux-gnueabihf/4.7/../../../arm-linux-gnueabihf/crtn.o] ==> ignore
  remove lib [gcc_s]
  remove lib [gcc]
  remove lib [gcc_s]
  remove lib [gcc]
  collapse dir [/usr/lib/gcc/arm-linux-gnueabihf/4.7] ==> [/usr/lib/gcc/arm-linux-gnueabihf/4.7]
  collapse dir [/usr/lib/gcc/arm-linux-gnueabihf/4.7/../../../arm-linux-gnueabihf] ==> [/usr/lib/arm-linux-gnueabihf]
  collapse dir [/usr/lib/gcc/arm-linux-gnueabihf/4.7/../../..] ==> [/usr/lib]
  collapse dir [/lib/arm-linux-gnueabihf] ==> [/lib/arm-linux-gnueabihf]
  collapse dir [/usr/lib/arm-linux-gnueabihf] ==> [/usr/lib/arm-linux-gnueabihf]
  implicit libs: [stdc++;m;c]
  implicit dirs: [/usr/lib/gcc/arm-linux-gnueabihf/4.7;/usr/lib/arm-linux-gnueabihf;/usr/lib;/lib/arm-linux-gnueabihf]


The system is: Linux - 3.6.11+ - armv6l
Compiling the C compiler identification source file "CMakeCCompilerId.c" succeeded.
Compiler: /usr/bin/gcc 
Build flags: 
Id flags: 

The output was:
0


Compilation of the C compiler identification source "CMakeCCompilerId.c" produced "a.out"

The C compiler identification is GNU, found in "/home/jezierski/public_html/soap_server/CMakeFiles/CompilerIdC/a.out"

Compiling the CXX compiler identification source file "CMakeCXXCompilerId.cpp" succeeded.
Compiler: /usr/bin/g++ 
Build flags: 
Id flags: 

The output was:
0


Compilation of the CXX compiler identification source "CMakeCXXCompilerId.cpp" produced "a.out"

The CXX compiler identification is GNU, found in "/home/jezierski/public_html/soap_server/CMakeFiles/CompilerIdCXX/a.out"

Determining if the C compiler works passed with the following output:
Change Dir: /home/jezierski/public_html/soap_server/CMakeFiles/CMakeTmp

Run Build Command:/usr/bin/make "cmTryCompileExec3853285555/fast"
/usr/bin/make -f CMakeFiles/cmTryCompileExec3853285555.dir/build.make CMakeFiles/cmTryCompileExec3853285555.dir/build
make[1]: Wejście do katalogu `/home/jezierski/public_html/soap_server/CMakeFiles/CMakeTmp'
/usr/bin/cmake -E cmake_progress_report /home/jezierski/public_html/soap_server/CMakeFiles/CMakeTmp/CMakeFiles 1
Building C object CMakeFiles/cmTryCompileExec3853285555.dir/testCCompiler.c.o
/usr/bin/gcc    -o CMakeFiles/cmTryCompileExec3853285555.dir/testCCompiler.c.o   -c /home/jezierski/public_html/soap_server/CMakeFiles/CMakeTmp/testCCompiler.c
Linking C executable cmTryCompileExec3853285555
/usr/bin/cmake -E cmake_link_script CMakeFiles/cmTryCompileExec3853285555.dir/link.txt --verbose=1
/usr/bin/gcc         CMakeFiles/cmTryCompileExec3853285555.dir/testCCompiler.c.o  -o cmTryCompileExec3853285555 -rdynamic 
make[1]: Opuszczenie katalogu `/home/jezierski/public_html/soap_server/CMakeFiles/CMakeTmp'


Detecting C compiler ABI info compiled with the following output:
Change Dir: /home/jezierski/public_html/soap_server/CMakeFiles/CMakeTmp

Run Build Command:/usr/bin/make "cmTryCompileExec505125229/fast"
/usr/bin/make -f CMakeFiles/cmTryCompileExec505125229.dir/build.make CMakeFiles/cmTryCompileExec505125229.dir/build
make[1]: Wejście do katalogu `/home/jezierski/public_html/soap_server/CMakeFiles/CMakeTmp'
/usr/bin/cmake -E cmake_progress_report /home/jezierski/public_html/soap_server/CMakeFiles/CMakeTmp/CMakeFiles 1
Building C object CMakeFiles/cmTryCompileExec505125229.dir/CMakeCCompilerABI.c.o
/usr/bin/gcc    -o CMakeFiles/cmTryCompileExec505125229.dir/CMakeCCompilerABI.c.o   -c /usr/share/cmake-2.8/Modules/CMakeCCompilerABI.c
Linking C executable cmTryCompileExec505125229
/usr/bin/cmake -E cmake_link_script CMakeFiles/cmTryCompileExec505125229.dir/link.txt --verbose=1
/usr/bin/gcc       -v CMakeFiles/cmTryCompileExec505125229.dir/CMakeCCompilerABI.c.o  -o cmTryCompileExec505125229 -rdynamic  
Using built-in specs.
COLLECT_GCC=/usr/bin/gcc
COLLECT_LTO_WRAPPER=/usr/lib/gcc/arm-linux-gnueabihf/4.7/lto-wrapper
Target: arm-linux-gnueabihf
Configured with: ../src/configure -v --with-pkgversion='Debian 4.7.2-5+rpi1' --with-bugurl=file:///usr/share/doc/gcc-4.7/README.Bugs --enable-languages=c,c++,go,fortran,objc,obj-c++ --prefix=/usr --program-suffix=-4.7 --enable-shared --enable-linker-build-id --with-system-zlib --libexecdir=/usr/lib --without-included-gettext --enable-threads=posix --with-gxx-include-dir=/usr/include/c++/4.7 --libdir=/usr/lib --enable-nls --with-sysroot=/ --enable-clocale=gnu --enable-libstdcxx-debug --enable-libstdcxx-time=yes --enable-gnu-unique-object --disable-libitm --enable-plugin --enable-objc-gc --disable-sjlj-exceptions --with-arch=armv6 --with-fpu=vfp --with-float=hard --enable-checking=release --build=arm-linux-gnueabihf --host=arm-linux-gnueabihf --target=arm-linux-gnueabihf
Thread model: posix
gcc version 4.7.2 (Debian 4.7.2-5+rpi1) 
COMPILER_PATH=/usr/lib/gcc/arm-linux-gnueabihf/4.7/:/usr/lib/gcc/arm-linux-gnueabihf/4.7/:/usr/lib/gcc/arm-linux-gnueabihf/:/usr/lib/gcc/arm-linux-gnueabihf/4.7/:/usr/lib/gcc/arm-linux-gnueabihf/
LIBRARY_PATH=/usr/lib/gcc/arm-linux-gnueabihf/4.7/:/usr/lib/gcc/arm-linux-gnueabihf/4.7/../../../arm-linux-gnueabihf/:/usr/lib/gcc/arm-linux-gnueabihf/4.7/../../../:/lib/arm-linux-gnueabihf/:/lib/:/usr/lib/arm-linux-gnueabihf/:/usr/lib/
COLLECT_GCC_OPTIONS='-v' '-o' 'cmTryCompileExec505125229' '-rdynamic' '-march=armv6' '-mfloat-abi=hard' '-mfpu=vfp' '-mtls-dialect=gnu'
 /usr/lib/gcc/arm-linux-gnueabihf/4.7/collect2 --sysroot=/ --build-id --no-add-needed --eh-frame-hdr -export-dynamic -dynamic-linker /lib/ld-linux-armhf.so.3 -X --hash-style=both -m armelf_linux_eabi -o cmTryCompileExec505125229 /usr/lib/gcc/arm-linux-gnueabihf/4.7/../../../arm-linux-gnueabihf/crt1.o /usr/lib/gcc/arm-linux-gnueabihf/4.7/../../../arm-linux-gnueabihf/crti.o /usr/lib/gcc/arm-linux-gnueabihf/4.7/crtbegin.o -L/usr/lib/gcc/arm-linux-gnueabihf/4.7 -L/usr/lib/gcc/arm-linux-gnueabihf/4.7/../../../arm-linux-gnueabihf -L/usr/lib/gcc/arm-linux-gnueabihf/4.7/../../.. -L/lib/arm-linux-gnueabihf -L/usr/lib/arm-linux-gnueabihf CMakeFiles/cmTryCompileExec505125229.dir/CMakeCCompilerABI.c.o -lgcc --as-needed -lgcc_s --no-as-needed -lc -lgcc --as-needed -lgcc_s --no-as-needed /usr/lib/gcc/arm-linux-gnueabihf/4.7/crtend.o /usr/lib/gcc/arm-linux-gnueabihf/4.7/../../../arm-linux-gnueabihf/crtn.o
make[1]: Opuszczenie katalogu `/home/jezierski/public_html/soap_server/CMakeFiles/CMakeTmp'


The system is: Linux - 3.6.11+ - armv6l
Compiling the C compiler identification source file "CMakeCCompilerId.c" succeeded.
Compiler: /usr/bin/gcc 
Build flags: 
Id flags: 

The output was:
0


Compilation of the C compiler identification source "CMakeCCompilerId.c" produced "a.out"

The C compiler identification is GNU, found in "/home/jezierski/public_html/soap_server/CMakeFiles/CompilerIdC/a.out"

Compiling the CXX compiler identification source file "CMakeCXXCompilerId.cpp" succeeded.
Compiler: /usr/bin/g++ 
Build flags: 
Id flags: 

The output was:
0


Compilation of the CXX compiler identification source "CMakeCXXCompilerId.cpp" produced "a.out"

The CXX compiler identification is GNU, found in "/home/jezierski/public_html/soap_server/CMakeFiles/CompilerIdCXX/a.out"

Determining if the C compiler works passed with the following output:
Change Dir: /home/jezierski/public_html/soap_server/CMakeFiles/CMakeTmp

Run Build Command:/usr/bin/make "cmTryCompileExec171296327/fast"
/usr/bin/make -f CMakeFiles/cmTryCompileExec171296327.dir/build.make CMakeFiles/cmTryCompileExec171296327.dir/build
make[1]: Wejście do katalogu `/home/jezierski/public_html/soap_server/CMakeFiles/CMakeTmp'
/usr/bin/cmake -E cmake_progress_report /home/jezierski/public_html/soap_server/CMakeFiles/CMakeTmp/CMakeFiles 1
Building C object CMakeFiles/cmTryCompileExec171296327.dir/testCCompiler.c.o
/usr/bin/gcc    -o CMakeFiles/cmTryCompileExec171296327.dir/testCCompiler.c.o   -c /home/jezierski/public_html/soap_server/CMakeFiles/CMakeTmp/testCCompiler.c
Linking C executable cmTryCompileExec171296327
/usr/bin/cmake -E cmake_link_script CMakeFiles/cmTryCompileExec171296327.dir/link.txt --verbose=1
/usr/bin/gcc         CMakeFiles/cmTryCompileExec171296327.dir/testCCompiler.c.o  -o cmTryCompileExec171296327 -rdynamic 
make[1]: Opuszczenie katalogu `/home/jezierski/public_html/soap_server/CMakeFiles/CMakeTmp'


Detecting C compiler ABI info compiled with the following output:
Change Dir: /home/jezierski/public_html/soap_server/CMakeFiles/CMakeTmp

Run Build Command:/usr/bin/make "cmTryCompileExec3241835530/fast"
/usr/bin/make -f CMakeFiles/cmTryCompileExec3241835530.dir/build.make CMakeFiles/cmTryCompileExec3241835530.dir/build
make[1]: Wejście do katalogu `/home/jezierski/public_html/soap_server/CMakeFiles/CMakeTmp'
/usr/bin/cmake -E cmake_progress_report /home/jezierski/public_html/soap_server/CMakeFiles/CMakeTmp/CMakeFiles 1
Building C object CMakeFiles/cmTryCompileExec3241835530.dir/CMakeCCompilerABI.c.o
/usr/bin/gcc    -o CMakeFiles/cmTryCompileExec3241835530.dir/CMakeCCompilerABI.c.o   -c /usr/share/cmake-2.8/Modules/CMakeCCompilerABI.c
Linking C executable cmTryCompileExec3241835530
/usr/bin/cmake -E cmake_link_script CMakeFiles/cmTryCompileExec3241835530.dir/link.txt --verbose=1
/usr/bin/gcc       -v CMakeFiles/cmTryCompileExec3241835530.dir/CMakeCCompilerABI.c.o  -o cmTryCompileExec3241835530 -rdynamic  
Using built-in specs.
COLLECT_GCC=/usr/bin/gcc
COLLECT_LTO_WRAPPER=/usr/lib/gcc/arm-linux-gnueabihf/4.7/lto-wrapper
Target: arm-linux-gnueabihf
Configured with: ../src/configure -v --with-pkgversion='Debian 4.7.2-5+rpi1' --with-bugurl=file:///usr/share/doc/gcc-4.7/README.Bugs --enable-languages=c,c++,go,fortran,objc,obj-c++ --prefix=/usr --program-suffix=-4.7 --enable-shared --enable-linker-build-id --with-system-zlib --libexecdir=/usr/lib --without-included-gettext --enable-threads=posix --with-gxx-include-dir=/usr/include/c++/4.7 --libdir=/usr/lib --enable-nls --with-sysroot=/ --enable-clocale=gnu --enable-libstdcxx-debug --enable-libstdcxx-time=yes --enable-gnu-unique-object --disable-libitm --enable-plugin --enable-objc-gc --disable-sjlj-exceptions --with-arch=armv6 --with-fpu=vfp --with-float=hard --enable-checking=release --build=arm-linux-gnueabihf --host=arm-linux-gnueabihf --target=arm-linux-gnueabihf
Thread model: posix
gcc version 4.7.2 (Debian 4.7.2-5+rpi1) 
COMPILER_PATH=/usr/lib/gcc/arm-linux-gnueabihf/4.7/:/usr/lib/gcc/arm-linux-gnueabihf/4.7/:/usr/lib/gcc/arm-linux-gnueabihf/:/usr/lib/gcc/arm-linux-gnueabihf/4.7/:/usr/lib/gcc/arm-linux-gnueabihf/
LIBRARY_PATH=/usr/lib/gcc/arm-linux-gnueabihf/4.7/:/usr/lib/gcc/arm-linux-gnueabihf/4.7/../../../arm-linux-gnueabihf/:/usr/lib/gcc/arm-linux-gnueabihf/4.7/../../../:/lib/arm-linux-gnueabihf/:/lib/:/usr/lib/arm-linux-gnueabihf/:/usr/lib/
COLLECT_GCC_OPTIONS='-v' '-o' 'cmTryCompileExec3241835530' '-rdynamic' '-march=armv6' '-mfloat-abi=hard' '-mfpu=vfp' '-mtls-dialect=gnu'
 /usr/lib/gcc/arm-linux-gnueabihf/4.7/collect2 --sysroot=/ --build-id --no-add-needed --eh-frame-hdr -export-dynamic -dynamic-linker /lib/ld-linux-armhf.so.3 -X --hash-style=both -m armelf_linux_eabi -o cmTryCompileExec3241835530 /usr/lib/gcc/arm-linux-gnueabihf/4.7/../../../arm-linux-gnueabihf/crt1.o /usr/lib/gcc/arm-linux-gnueabihf/4.7/../../../arm-linux-gnueabihf/crti.o /usr/lib/gcc/arm-linux-gnueabihf/4.7/crtbegin.o -L/usr/lib/gcc/arm-linux-gnueabihf/4.7 -L/usr/lib/gcc/arm-linux-gnueabihf/4.7/../../../arm-linux-gnueabihf -L/usr/lib/gcc/arm-linux-gnueabihf/4.7/../../.. -L/lib/arm-linux-gnueabihf -L/usr/lib/arm-linux-gnueabihf CMakeFiles/cmTryCompileExec3241835530.dir/CMakeCCompilerABI.c.o -lgcc --as-needed -lgcc_s --no-as-needed -lc -lgcc --as-needed -lgcc_s --no-as-needed /usr/lib/gcc/arm-linux-gnueabihf/4.7/crtend.o /usr/lib/gcc/arm-linux-gnueabihf/4.7/../../../arm-linux-gnueabihf/crtn.o
make[1]: Opuszczenie katalogu `/home/jezierski/public_html/soap_server/CMakeFiles/CMakeTmp'


Parsed C implicit link information from above output:
  link line regex: [^( *|.*[/\])(ld|ld|collect2)[^/\]*( |$)]
  ignore line: [Change Dir: /home/jezierski/public_html/soap_server/CMakeFiles/CMakeTmp]
  ignore line: []
  ignore line: [Run Build Command:/usr/bin/make "cmTryCompileExec3241835530/fast"]
  ignore line: [/usr/bin/make -f CMakeFiles/cmTryCompileExec3241835530.dir/build.make CMakeFiles/cmTryCompileExec3241835530.dir/build]
  ignore line: [make[1]: Wejście do katalogu `/home/jezierski/public_html/soap_server/CMakeFiles/CMakeTmp']
  ignore line: [/usr/bin/cmake -E cmake_progress_report /home/jezierski/public_html/soap_server/CMakeFiles/CMakeTmp/CMakeFiles 1]
  ignore line: [Building C object CMakeFiles/cmTryCompileExec3241835530.dir/CMakeCCompilerABI.c.o]
  ignore line: [/usr/bin/gcc    -o CMakeFiles/cmTryCompileExec3241835530.dir/CMakeCCompilerABI.c.o   -c /usr/share/cmake-2.8/Modules/CMakeCCompilerABI.c]
  ignore line: [Linking C executable cmTryCompileExec3241835530]
  ignore line: [/usr/bin/cmake -E cmake_link_script CMakeFiles/cmTryCompileExec3241835530.dir/link.txt --verbose=1]
  ignore line: [/usr/bin/gcc       -v CMakeFiles/cmTryCompileExec3241835530.dir/CMakeCCompilerABI.c.o  -o cmTryCompileExec3241835530 -rdynamic  ]
  ignore line: [Using built-in specs.]
  ignore line: [COLLECT_GCC=/usr/bin/gcc]
  ignore line: [COLLECT_LTO_WRAPPER=/usr/lib/gcc/arm-linux-gnueabihf/4.7/lto-wrapper]
  ignore line: [Target: arm-linux-gnueabihf]
  ignore line: [Configured with: ../src/configure -v --with-pkgversion='Debian 4.7.2-5+rpi1' --with-bugurl=file:///usr/share/doc/gcc-4.7/README.Bugs --enable-languages=c,c++,go,fortran,objc,obj-c++ --prefix=/usr --program-suffix=-4.7 --enable-shared --enable-linker-build-id --with-system-zlib --libexecdir=/usr/lib --without-included-gettext --enable-threads=posix --with-gxx-include-dir=/usr/include/c++/4.7 --libdir=/usr/lib --enable-nls --with-sysroot=/ --enable-clocale=gnu --enable-libstdcxx-debug --enable-libstdcxx-time=yes --enable-gnu-unique-object --disable-libitm --enable-plugin --enable-objc-gc --disable-sjlj-exceptions --with-arch=armv6 --with-fpu=vfp --with-float=hard --enable-checking=release --build=arm-linux-gnueabihf --host=arm-linux-gnueabihf --target=arm-linux-gnueabihf]
  ignore line: [Thread model: posix]
  ignore line: [gcc version 4.7.2 (Debian 4.7.2-5+rpi1) ]
  ignore line: [COMPILER_PATH=/usr/lib/gcc/arm-linux-gnueabihf/4.7/:/usr/lib/gcc/arm-linux-gnueabihf/4.7/:/usr/lib/gcc/arm-linux-gnueabihf/:/usr/lib/gcc/arm-linux-gnueabihf/4.7/:/usr/lib/gcc/arm-linux-gnueabihf/]
  ignore line: [LIBRARY_PATH=/usr/lib/gcc/arm-linux-gnueabihf/4.7/:/usr/lib/gcc/arm-linux-gnueabihf/4.7/../../../arm-linux-gnueabihf/:/usr/lib/gcc/arm-linux-gnueabihf/4.7/../../../:/lib/arm-linux-gnueabihf/:/lib/:/usr/lib/arm-linux-gnueabihf/:/usr/lib/]
  ignore line: [COLLECT_GCC_OPTIONS='-v' '-o' 'cmTryCompileExec3241835530' '-rdynamic' '-march=armv6' '-mfloat-abi=hard' '-mfpu=vfp' '-mtls-dialect=gnu']
  link line: [ /usr/lib/gcc/arm-linux-gnueabihf/4.7/collect2 --sysroot=/ --build-id --no-add-needed --eh-frame-hdr -export-dynamic -dynamic-linker /lib/ld-linux-armhf.so.3 -X --hash-style=both -m armelf_linux_eabi -o cmTryCompileExec3241835530 /usr/lib/gcc/arm-linux-gnueabihf/4.7/../../../arm-linux-gnueabihf/crt1.o /usr/lib/gcc/arm-linux-gnueabihf/4.7/../../../arm-linux-gnueabihf/crti.o /usr/lib/gcc/arm-linux-gnueabihf/4.7/crtbegin.o -L/usr/lib/gcc/arm-linux-gnueabihf/4.7 -L/usr/lib/gcc/arm-linux-gnueabihf/4.7/../../../arm-linux-gnueabihf -L/usr/lib/gcc/arm-linux-gnueabihf/4.7/../../.. -L/lib/arm-linux-gnueabihf -L/usr/lib/arm-linux-gnueabihf CMakeFiles/cmTryCompileExec3241835530.dir/CMakeCCompilerABI.c.o -lgcc --as-needed -lgcc_s --no-as-needed -lc -lgcc --as-needed -lgcc_s --no-as-needed /usr/lib/gcc/arm-linux-gnueabihf/4.7/crtend.o /usr/lib/gcc/arm-linux-gnueabihf/4.7/../../../arm-linux-gnueabihf/crtn.o]
    arg [/usr/lib/gcc/arm-linux-gnueabihf/4.7/collect2] ==> ignore
    arg [--sysroot=/] ==> ignore
    arg [--build-id] ==> ignore
    arg [--no-add-needed] ==> ignore
    arg [--eh-frame-hdr] ==> ignore
    arg [-export-dynamic] ==> ignore
    arg [-dynamic-linker] ==> ignore
    arg [/lib/ld-linux-armhf.so.3] ==> ignore
    arg [-X] ==> ignore
    arg [--hash-style=both] ==> ignore
    arg [-m] ==> ignore
    arg [armelf_linux_eabi] ==> ignore
    arg [-o] ==> ignore
    arg [cmTryCompileExec3241835530] ==> ignore
    arg [/usr/lib/gcc/arm-linux-gnueabihf/4.7/../../../arm-linux-gnueabihf/crt1.o] ==> ignore
    arg [/usr/lib/gcc/arm-linux-gnueabihf/4.7/../../../arm-linux-gnueabihf/crti.o] ==> ignore
    arg [/usr/lib/gcc/arm-linux-gnueabihf/4.7/crtbegin.o] ==> ignore
    arg [-L/usr/lib/gcc/arm-linux-gnueabihf/4.7] ==> dir [/usr/lib/gcc/arm-linux-gnueabihf/4.7]
    arg [-L/usr/lib/gcc/arm-linux-gnueabihf/4.7/../../../arm-linux-gnueabihf] ==> dir [/usr/lib/gcc/arm-linux-gnueabihf/4.7/../../../arm-linux-gnueabihf]
    arg [-L/usr/lib/gcc/arm-linux-gnueabihf/4.7/../../..] ==> dir [/usr/lib/gcc/arm-linux-gnueabihf/4.7/../../..]
    arg [-L/lib/arm-linux-gnueabihf] ==> dir [/lib/arm-linux-gnueabihf]
    arg [-L/usr/lib/arm-linux-gnueabihf] ==> dir [/usr/lib/arm-linux-gnueabihf]
    arg [CMakeFiles/cmTryCompileExec3241835530.dir/CMakeCCompilerABI.c.o] ==> ignore
    arg [-lgcc] ==> lib [gcc]
    arg [--as-needed] ==> ignore
    arg [-lgcc_s] ==> lib [gcc_s]
    arg [--no-as-needed] ==> ignore
    arg [-lc] ==> lib [c]
    arg [-lgcc] ==> lib [gcc]
    arg [--as-needed] ==> ignore
    arg [-lgcc_s] ==> lib [gcc_s]
    arg [--no-as-needed] ==> ignore
    arg [/usr/lib/gcc/arm-linux-gnueabihf/4.7/crtend.o] ==> ignore
    arg [/usr/lib/gcc/arm-linux-gnueabihf/4.7/../../../arm-linux-gnueabihf/crtn.o] ==> ignore
  remove lib [gcc]
  remove lib [gcc_s]
  remove lib [gcc]
  remove lib [gcc_s]
  collapse dir [/usr/lib/gcc/arm-linux-gnueabihf/4.7] ==> [/usr/lib/gcc/arm-linux-gnueabihf/4.7]
  collapse dir [/usr/lib/gcc/arm-linux-gnueabihf/4.7/../../../arm-linux-gnueabihf] ==> [/usr/lib/arm-linux-gnueabihf]
  collapse dir [/usr/lib/gcc/arm-linux-gnueabihf/4.7/../../..] ==> [/usr/lib]
  collapse dir [/lib/arm-linux-gnueabihf] ==> [/lib/arm-linux-gnueabihf]
  collapse dir [/usr/lib/arm-linux-gnueabihf] ==> [/usr/lib/arm-linux-gnueabihf]
  implicit libs: [c]
  implicit dirs: [/usr/lib/gcc/arm-linux-gnueabihf/4.7;/usr/lib/arm-linux-gnueabihf;/usr/lib;/lib/arm-linux-gnueabihf]


Determining if the CXX compiler works passed with the following output:
Change Dir: /home/jezierski/public_html/soap_server/CMakeFiles/CMakeTmp

Run Build Command:/usr/bin/make "cmTryCompileExec3404396447/fast"
/usr/bin/make -f CMakeFiles/cmTryCompileExec3404396447.dir/build.make CMakeFiles/cmTryCompileExec3404396447.dir/build
make[1]: Wejście do katalogu `/home/jezierski/public_html/soap_server/CMakeFiles/CMakeTmp'
/usr/bin/cmake -E cmake_progress_report /home/jezierski/public_html/soap_server/CMakeFiles/CMakeTmp/CMakeFiles 1
Building CXX object CMakeFiles/cmTryCompileExec3404396447.dir/testCXXCompiler.cxx.o
/usr/bin/g++     -o CMakeFiles/cmTryCompileExec3404396447.dir/testCXXCompiler.cxx.o -c /home/jezierski/public_html/soap_server/CMakeFiles/CMakeTmp/testCXXCompiler.cxx
Linking CXX executable cmTryCompileExec3404396447
/usr/bin/cmake -E cmake_link_script CMakeFiles/cmTryCompileExec3404396447.dir/link.txt --verbose=1
/usr/bin/g++          CMakeFiles/cmTryCompileExec3404396447.dir/testCXXCompiler.cxx.o  -o cmTryCompileExec3404396447 -rdynamic 
make[1]: Opuszczenie katalogu `/home/jezierski/public_html/soap_server/CMakeFiles/CMakeTmp'


Detecting CXX compiler ABI info compiled with the following output:
Change Dir: /home/jezierski/public_html/soap_server/CMakeFiles/CMakeTmp

Run Build Command:/usr/bin/make "cmTryCompileExec1898706029/fast"
/usr/bin/make -f CMakeFiles/cmTryCompileExec1898706029.dir/build.make CMakeFiles/cmTryCompileExec1898706029.dir/build
make[1]: Wejście do katalogu `/home/jezierski/public_html/soap_server/CMakeFiles/CMakeTmp'
/usr/bin/cmake -E cmake_progress_report /home/jezierski/public_html/soap_server/CMakeFiles/CMakeTmp/CMakeFiles 1
Building CXX object CMakeFiles/cmTryCompileExec1898706029.dir/CMakeCXXCompilerABI.cpp.o
/usr/bin/g++     -o CMakeFiles/cmTryCompileExec1898706029.dir/CMakeCXXCompilerABI.cpp.o -c /usr/share/cmake-2.8/Modules/CMakeCXXCompilerABI.cpp
Linking CXX executable cmTryCompileExec1898706029
/usr/bin/cmake -E cmake_link_script CMakeFiles/cmTryCompileExec1898706029.dir/link.txt --verbose=1
/usr/bin/g++        -v CMakeFiles/cmTryCompileExec1898706029.dir/CMakeCXXCompilerABI.cpp.o  -o cmTryCompileExec1898706029 -rdynamic  
Using built-in specs.
COLLECT_GCC=/usr/bin/g++
COLLECT_LTO_WRAPPER=/usr/lib/gcc/arm-linux-gnueabihf/4.7/lto-wrapper
Target: arm-linux-gnueabihf
Configured with: ../src/configure -v --with-pkgversion='Debian 4.7.2-5+rpi1' --with-bugurl=file:///usr/share/doc/gcc-4.7/README.Bugs --enable-languages=c,c++,go,fortran,objc,obj-c++ --prefix=/usr --program-suffix=-4.7 --enable-shared --enable-linker-build-id --with-system-zlib --libexecdir=/usr/lib --without-included-gettext --enable-threads=posix --with-gxx-include-dir=/usr/include/c++/4.7 --libdir=/usr/lib --enable-nls --with-sysroot=/ --enable-clocale=gnu --enable-libstdcxx-debug --enable-libstdcxx-time=yes --enable-gnu-unique-object --disable-libitm --enable-plugin --enable-objc-gc --disable-sjlj-exceptions --with-arch=armv6 --with-fpu=vfp --with-float=hard --enable-checking=release --build=arm-linux-gnueabihf --host=arm-linux-gnueabihf --target=arm-linux-gnueabihf
Thread model: posix
gcc version 4.7.2 (Debian 4.7.2-5+rpi1) 
COMPILER_PATH=/usr/lib/gcc/arm-linux-gnueabihf/4.7/:/usr/lib/gcc/arm-linux-gnueabihf/4.7/:/usr/lib/gcc/arm-linux-gnueabihf/:/usr/lib/gcc/arm-linux-gnueabihf/4.7/:/usr/lib/gcc/arm-linux-gnueabihf/
LIBRARY_PATH=/usr/lib/gcc/arm-linux-gnueabihf/4.7/:/usr/lib/gcc/arm-linux-gnueabihf/4.7/../../../arm-linux-gnueabihf/:/usr/lib/gcc/arm-linux-gnueabihf/4.7/../../../:/lib/arm-linux-gnueabihf/:/lib/:/usr/lib/arm-linux-gnueabihf/:/usr/lib/
COLLECT_GCC_OPTIONS='-v' '-o' 'cmTryCompileExec1898706029' '-rdynamic' '-shared-libgcc' '-march=armv6' '-mfloat-abi=hard' '-mfpu=vfp' '-mtls-dialect=gnu'
 /usr/lib/gcc/arm-linux-gnueabihf/4.7/collect2 --sysroot=/ --build-id --no-add-needed --eh-frame-hdr -export-dynamic -dynamic-linker /lib/ld-linux-armhf.so.3 -X --hash-style=both -m armelf_linux_eabi -o cmTryCompileExec1898706029 /usr/lib/gcc/arm-linux-gnueabihf/4.7/../../../arm-linux-gnueabihf/crt1.o /usr/lib/gcc/arm-linux-gnueabihf/4.7/../../../arm-linux-gnueabihf/crti.o /usr/lib/gcc/arm-linux-gnueabihf/4.7/crtbegin.o -L/usr/lib/gcc/arm-linux-gnueabihf/4.7 -L/usr/lib/gcc/arm-linux-gnueabihf/4.7/../../../arm-linux-gnueabihf -L/usr/lib/gcc/arm-linux-gnueabihf/4.7/../../.. -L/lib/arm-linux-gnueabihf -L/usr/lib/arm-linux-gnueabihf CMakeFiles/cmTryCompileExec1898706029.dir/CMakeCXXCompilerABI.cpp.o -lstdc++ -lm -lgcc_s -lgcc -lc -lgcc_s -lgcc /usr/lib/gcc/arm-linux-gnueabihf/4.7/crtend.o /usr/lib/gcc/arm-linux-gnueabihf/4.7/../../../arm-linux-gnueabihf/crtn.o
make[1]: Opuszczenie katalogu `/home/jezierski/public_html/soap_server/CMakeFiles/CMakeTmp'


Parsed CXX implicit link information from above output:
  link line regex: [^( *|.*[/\])(ld|ld|collect2)[^/\]*( |$)]
  ignore line: [Change Dir: /home/jezierski/public_html/soap_server/CMakeFiles/CMakeTmp]
  ignore line: []
  ignore line: [Run Build Command:/usr/bin/make "cmTryCompileExec1898706029/fast"]
  ignore line: [/usr/bin/make -f CMakeFiles/cmTryCompileExec1898706029.dir/build.make CMakeFiles/cmTryCompileExec1898706029.dir/build]
  ignore line: [make[1]: Wejście do katalogu `/home/jezierski/public_html/soap_server/CMakeFiles/CMakeTmp']
  ignore line: [/usr/bin/cmake -E cmake_progress_report /home/jezierski/public_html/soap_server/CMakeFiles/CMakeTmp/CMakeFiles 1]
  ignore line: [Building CXX object CMakeFiles/cmTryCompileExec1898706029.dir/CMakeCXXCompilerABI.cpp.o]
  ignore line: [/usr/bin/g++     -o CMakeFiles/cmTryCompileExec1898706029.dir/CMakeCXXCompilerABI.cpp.o -c /usr/share/cmake-2.8/Modules/CMakeCXXCompilerABI.cpp]
  ignore line: [Linking CXX executable cmTryCompileExec1898706029]
  ignore line: [/usr/bin/cmake -E cmake_link_script CMakeFiles/cmTryCompileExec1898706029.dir/link.txt --verbose=1]
  ignore line: [/usr/bin/g++        -v CMakeFiles/cmTryCompileExec1898706029.dir/CMakeCXXCompilerABI.cpp.o  -o cmTryCompileExec1898706029 -rdynamic  ]
  ignore line: [Using built-in specs.]
  ignore line: [COLLECT_GCC=/usr/bin/g++]
  ignore line: [COLLECT_LTO_WRAPPER=/usr/lib/gcc/arm-linux-gnueabihf/4.7/lto-wrapper]
  ignore line: [Target: arm-linux-gnueabihf]
  ignore line: [Configured with: ../src/configure -v --with-pkgversion='Debian 4.7.2-5+rpi1' --with-bugurl=file:///usr/share/doc/gcc-4.7/README.Bugs --enable-languages=c,c++,go,fortran,objc,obj-c++ --prefix=/usr --program-suffix=-4.7 --enable-shared --enable-linker-build-id --with-system-zlib --libexecdir=/usr/lib --without-included-gettext --enable-threads=posix --with-gxx-include-dir=/usr/include/c++/4.7 --libdir=/usr/lib --enable-nls --with-sysroot=/ --enable-clocale=gnu --enable-libstdcxx-debug --enable-libstdcxx-time=yes --enable-gnu-unique-object --disable-libitm --enable-plugin --enable-objc-gc --disable-sjlj-exceptions --with-arch=armv6 --with-fpu=vfp --with-float=hard --enable-checking=release --build=arm-linux-gnueabihf --host=arm-linux-gnueabihf --target=arm-linux-gnueabihf]
  ignore line: [Thread model: posix]
  ignore line: [gcc version 4.7.2 (Debian 4.7.2-5+rpi1) ]
  ignore line: [COMPILER_PATH=/usr/lib/gcc/arm-linux-gnueabihf/4.7/:/usr/lib/gcc/arm-linux-gnueabihf/4.7/:/usr/lib/gcc/arm-linux-gnueabihf/:/usr/lib/gcc/arm-linux-gnueabihf/4.7/:/usr/lib/gcc/arm-linux-gnueabihf/]
  ignore line: [LIBRARY_PATH=/usr/lib/gcc/arm-linux-gnueabihf/4.7/:/usr/lib/gcc/arm-linux-gnueabihf/4.7/../../../arm-linux-gnueabihf/:/usr/lib/gcc/arm-linux-gnueabihf/4.7/../../../:/lib/arm-linux-gnueabihf/:/lib/:/usr/lib/arm-linux-gnueabihf/:/usr/lib/]
  ignore line: [COLLECT_GCC_OPTIONS='-v' '-o' 'cmTryCompileExec1898706029' '-rdynamic' '-shared-libgcc' '-march=armv6' '-mfloat-abi=hard' '-mfpu=vfp' '-mtls-dialect=gnu']
  link line: [ /usr/lib/gcc/arm-linux-gnueabihf/4.7/collect2 --sysroot=/ --build-id --no-add-needed --eh-frame-hdr -export-dynamic -dynamic-linker /lib/ld-linux-armhf.so.3 -X --hash-style=both -m armelf_linux_eabi -o cmTryCompileExec1898706029 /usr/lib/gcc/arm-linux-gnueabihf/4.7/../../../arm-linux-gnueabihf/crt1.o /usr/lib/gcc/arm-linux-gnueabihf/4.7/../../../arm-linux-gnueabihf/crti.o /usr/lib/gcc/arm-linux-gnueabihf/4.7/crtbegin.o -L/usr/lib/gcc/arm-linux-gnueabihf/4.7 -L/usr/lib/gcc/arm-linux-gnueabihf/4.7/../../../arm-linux-gnueabihf -L/usr/lib/gcc/arm-linux-gnueabihf/4.7/../../.. -L/lib/arm-linux-gnueabihf -L/usr/lib/arm-linux-gnueabihf CMakeFiles/cmTryCompileExec1898706029.dir/CMakeCXXCompilerABI.cpp.o -lstdc++ -lm -lgcc_s -lgcc -lc -lgcc_s -lgcc /usr/lib/gcc/arm-linux-gnueabihf/4.7/crtend.o /usr/lib/gcc/arm-linux-gnueabihf/4.7/../../../arm-linux-gnueabihf/crtn.o]
    arg [/usr/lib/gcc/arm-linux-gnueabihf/4.7/collect2] ==> ignore
    arg [--sysroot=/] ==> ignore
    arg [--build-id] ==> ignore
    arg [--no-add-needed] ==> ignore
    arg [--eh-frame-hdr] ==> ignore
    arg [-export-dynamic] ==> ignore
    arg [-dynamic-linker] ==> ignore
    arg [/lib/ld-linux-armhf.so.3] ==> ignore
    arg [-X] ==> ignore
    arg [--hash-style=both] ==> ignore
    arg [-m] ==> ignore
    arg [armelf_linux_eabi] ==> ignore
    arg [-o] ==> ignore
    arg [cmTryCompileExec1898706029] ==> ignore
    arg [/usr/lib/gcc/arm-linux-gnueabihf/4.7/../../../arm-linux-gnueabihf/crt1.o] ==> ignore
    arg [/usr/lib/gcc/arm-linux-gnueabihf/4.7/../../../arm-linux-gnueabihf/crti.o] ==> ignore
    arg [/usr/lib/gcc/arm-linux-gnueabihf/4.7/crtbegin.o] ==> ignore
    arg [-L/usr/lib/gcc/arm-linux-gnueabihf/4.7] ==> dir [/usr/lib/gcc/arm-linux-gnueabihf/4.7]
    arg [-L/usr/lib/gcc/arm-linux-gnueabihf/4.7/../../../arm-linux-gnueabihf] ==> dir [/usr/lib/gcc/arm-linux-gnueabihf/4.7/../../../arm-linux-gnueabihf]
    arg [-L/usr/lib/gcc/arm-linux-gnueabihf/4.7/../../..] ==> dir [/usr/lib/gcc/arm-linux-gnueabihf/4.7/../../..]
    arg [-L/lib/arm-linux-gnueabihf] ==> dir [/lib/arm-linux-gnueabihf]
    arg [-L/usr/lib/arm-linux-gnueabihf] ==> dir [/usr/lib/arm-linux-gnueabihf]
    arg [CMakeFiles/cmTryCompileExec1898706029.dir/CMakeCXXCompilerABI.cpp.o] ==> ignore
    arg [-lstdc++] ==> lib [stdc++]
    arg [-lm] ==> lib [m]
    arg [-lgcc_s] ==> lib [gcc_s]
    arg [-lgcc] ==> lib [gcc]
    arg [-lc] ==> lib [c]
    arg [-lgcc_s] ==> lib [gcc_s]
    arg [-lgcc] ==> lib [gcc]
    arg [/usr/lib/gcc/arm-linux-gnueabihf/4.7/crtend.o] ==> ignore
    arg [/usr/lib/gcc/arm-linux-gnueabihf/4.7/../../../arm-linux-gnueabihf/crtn.o] ==> ignore
  remove lib [gcc_s]
  remove lib [gcc]
  remove lib [gcc_s]
  remove lib [gcc]
  collapse dir [/usr/lib/gcc/arm-linux-gnueabihf/4.7] ==> [/usr/lib/gcc/arm-linux-gnueabihf/4.7]
  collapse dir [/usr/lib/gcc/arm-linux-gnueabihf/4.7/../../../arm-linux-gnueabihf] ==> [/usr/lib/arm-linux-gnueabihf]
  collapse dir [/usr/lib/gcc/arm-linux-gnueabihf/4.7/../../..] ==> [/usr/lib]
  collapse dir [/lib/arm-linux-gnueabihf] ==> [/lib/arm-linux-gnueabihf]
  collapse dir [/usr/lib/arm-linux-gnueabihf] ==> [/usr/lib/arm-linux-gnueabihf]
  implicit libs: [stdc++;m;c]
  implicit dirs: [/usr/lib/gcc/arm-linux-gnueabihf/4.7;/usr/lib/arm-linux-gnueabihf;/usr/lib;/lib/arm-linux-gnueabihf]


The system is: Linux - 3.6.11+ - armv6l
Compiling the C compiler identification source file "CMakeCCompilerId.c" succeeded.
Compiler: /usr/bin/gcc 
Build flags: 
Id flags: 

The output was:
0


Compilation of the C compiler identification source "CMakeCCompilerId.c" produced "a.out"

The C compiler identification is GNU, found in "/home/jezierski/public_html/soap_server/CMakeFiles/CompilerIdC/a.out"

Compiling the CXX compiler identification source file "CMakeCXXCompilerId.cpp" succeeded.
Compiler: /usr/bin/g++ 
Build flags: 
Id flags: 

The output was:
0


Compilation of the CXX compiler identification source "CMakeCXXCompilerId.cpp" produced "a.out"

The CXX compiler identification is GNU, found in "/home/jezierski/public_html/soap_server/CMakeFiles/CompilerIdCXX/a.out"

Determining if the C compiler works passed with the following output:
Change Dir: /home/jezierski/public_html/soap_server/CMakeFiles/CMakeTmp

Run Build Command:/usr/bin/make "cmTryCompileExec1018619805/fast"
/usr/bin/make -f CMakeFiles/cmTryCompileExec1018619805.dir/build.make CMakeFiles/cmTryCompileExec1018619805.dir/build
make[1]: Wejście do katalogu `/home/jezierski/public_html/soap_server/CMakeFiles/CMakeTmp'
/usr/bin/cmake -E cmake_progress_report /home/jezierski/public_html/soap_server/CMakeFiles/CMakeTmp/CMakeFiles 1
Building C object CMakeFiles/cmTryCompileExec1018619805.dir/testCCompiler.c.o
/usr/bin/gcc    -o CMakeFiles/cmTryCompileExec1018619805.dir/testCCompiler.c.o   -c /home/jezierski/public_html/soap_server/CMakeFiles/CMakeTmp/testCCompiler.c
Linking C executable cmTryCompileExec1018619805
/usr/bin/cmake -E cmake_link_script CMakeFiles/cmTryCompileExec1018619805.dir/link.txt --verbose=1
/usr/bin/gcc         CMakeFiles/cmTryCompileExec1018619805.dir/testCCompiler.c.o  -o cmTryCompileExec1018619805 -rdynamic 
make[1]: Opuszczenie katalogu `/home/jezierski/public_html/soap_server/CMakeFiles/CMakeTmp'


Detecting C compiler ABI info compiled with the following output:
Change Dir: /home/jezierski/public_html/soap_server/CMakeFiles/CMakeTmp

Run Build Command:/usr/bin/make "cmTryCompileExec1656016586/fast"
/usr/bin/make -f CMakeFiles/cmTryCompileExec1656016586.dir/build.make CMakeFiles/cmTryCompileExec1656016586.dir/build
make[1]: Wejście do katalogu `/home/jezierski/public_html/soap_server/CMakeFiles/CMakeTmp'
/usr/bin/cmake -E cmake_progress_report /home/jezierski/public_html/soap_server/CMakeFiles/CMakeTmp/CMakeFiles 1
Building C object CMakeFiles/cmTryCompileExec1656016586.dir/CMakeCCompilerABI.c.o
/usr/bin/gcc    -o CMakeFiles/cmTryCompileExec1656016586.dir/CMakeCCompilerABI.c.o   -c /usr/share/cmake-2.8/Modules/CMakeCCompilerABI.c
Linking C executable cmTryCompileExec1656016586
/usr/bin/cmake -E cmake_link_script CMakeFiles/cmTryCompileExec1656016586.dir/link.txt --verbose=1
/usr/bin/gcc       -v CMakeFiles/cmTryCompileExec1656016586.dir/CMakeCCompilerABI.c.o  -o cmTryCompileExec1656016586 -rdynamic  
Using built-in specs.
COLLECT_GCC=/usr/bin/gcc
COLLECT_LTO_WRAPPER=/usr/lib/gcc/arm-linux-gnueabihf/4.7/lto-wrapper
Target: arm-linux-gnueabihf
Configured with: ../src/configure -v --with-pkgversion='Debian 4.7.2-5+rpi1' --with-bugurl=file:///usr/share/doc/gcc-4.7/README.Bugs --enable-languages=c,c++,go,fortran,objc,obj-c++ --prefix=/usr --program-suffix=-4.7 --enable-shared --enable-linker-build-id --with-system-zlib --libexecdir=/usr/lib --without-included-gettext --enable-threads=posix --with-gxx-include-dir=/usr/include/c++/4.7 --libdir=/usr/lib --enable-nls --with-sysroot=/ --enable-clocale=gnu --enable-libstdcxx-debug --enable-libstdcxx-time=yes --enable-gnu-unique-object --disable-libitm --enable-plugin --enable-objc-gc --disable-sjlj-exceptions --with-arch=armv6 --with-fpu=vfp --with-float=hard --enable-checking=release --build=arm-linux-gnueabihf --host=arm-linux-gnueabihf --target=arm-linux-gnueabihf
Thread model: posix
gcc version 4.7.2 (Debian 4.7.2-5+rpi1) 
COMPILER_PATH=/usr/lib/gcc/arm-linux-gnueabihf/4.7/:/usr/lib/gcc/arm-linux-gnueabihf/4.7/:/usr/lib/gcc/arm-linux-gnueabihf/:/usr/lib/gcc/arm-linux-gnueabihf/4.7/:/usr/lib/gcc/arm-linux-gnueabihf/
LIBRARY_PATH=/usr/lib/gcc/arm-linux-gnueabihf/4.7/:/usr/lib/gcc/arm-linux-gnueabihf/4.7/../../../arm-linux-gnueabihf/:/usr/lib/gcc/arm-linux-gnueabihf/4.7/../../../:/lib/arm-linux-gnueabihf/:/lib/:/usr/lib/arm-linux-gnueabihf/:/usr/lib/
COLLECT_GCC_OPTIONS='-v' '-o' 'cmTryCompileExec1656016586' '-rdynamic' '-march=armv6' '-mfloat-abi=hard' '-mfpu=vfp' '-mtls-dialect=gnu'
 /usr/lib/gcc/arm-linux-gnueabihf/4.7/collect2 --sysroot=/ --build-id --no-add-needed --eh-frame-hdr -export-dynamic -dynamic-linker /lib/ld-linux-armhf.so.3 -X --hash-style=both -m armelf_linux_eabi -o cmTryCompileExec1656016586 /usr/lib/gcc/arm-linux-gnueabihf/4.7/../../../arm-linux-gnueabihf/crt1.o /usr/lib/gcc/arm-linux-gnueabihf/4.7/../../../arm-linux-gnueabihf/crti.o /usr/lib/gcc/arm-linux-gnueabihf/4.7/crtbegin.o -L/usr/lib/gcc/arm-linux-gnueabihf/4.7 -L/usr/lib/gcc/arm-linux-gnueabihf/4.7/../../../arm-linux-gnueabihf -L/usr/lib/gcc/arm-linux-gnueabihf/4.7/../../.. -L/lib/arm-linux-gnueabihf -L/usr/lib/arm-linux-gnueabihf CMakeFiles/cmTryCompileExec1656016586.dir/CMakeCCompilerABI.c.o -lgcc --as-needed -lgcc_s --no-as-needed -lc -lgcc --as-needed -lgcc_s --no-as-needed /usr/lib/gcc/arm-linux-gnueabihf/4.7/crtend.o /usr/lib/gcc/arm-linux-gnueabihf/4.7/../../../arm-linux-gnueabihf/crtn.o
make[1]: Opuszczenie katalogu `/home/jezierski/public_html/soap_server/CMakeFiles/CMakeTmp'


Parsed C implicit link information from above output:
  link line regex: [^( *|.*[/\])(ld|ld|collect2)[^/\]*( |$)]
  ignore line: [Change Dir: /home/jezierski/public_html/soap_server/CMakeFiles/CMakeTmp]
  ignore line: []
  ignore line: [Run Build Command:/usr/bin/make "cmTryCompileExec1656016586/fast"]
  ignore line: [/usr/bin/make -f CMakeFiles/cmTryCompileExec1656016586.dir/build.make CMakeFiles/cmTryCompileExec1656016586.dir/build]
  ignore line: [make[1]: Wejście do katalogu `/home/jezierski/public_html/soap_server/CMakeFiles/CMakeTmp']
  ignore line: [/usr/bin/cmake -E cmake_progress_report /home/jezierski/public_html/soap_server/CMakeFiles/CMakeTmp/CMakeFiles 1]
  ignore line: [Building C object CMakeFiles/cmTryCompileExec1656016586.dir/CMakeCCompilerABI.c.o]
  ignore line: [/usr/bin/gcc    -o CMakeFiles/cmTryCompileExec1656016586.dir/CMakeCCompilerABI.c.o   -c /usr/share/cmake-2.8/Modules/CMakeCCompilerABI.c]
  ignore line: [Linking C executable cmTryCompileExec1656016586]
  ignore line: [/usr/bin/cmake -E cmake_link_script CMakeFiles/cmTryCompileExec1656016586.dir/link.txt --verbose=1]
  ignore line: [/usr/bin/gcc       -v CMakeFiles/cmTryCompileExec1656016586.dir/CMakeCCompilerABI.c.o  -o cmTryCompileExec1656016586 -rdynamic  ]
  ignore line: [Using built-in specs.]
  ignore line: [COLLECT_GCC=/usr/bin/gcc]
  ignore line: [COLLECT_LTO_WRAPPER=/usr/lib/gcc/arm-linux-gnueabihf/4.7/lto-wrapper]
  ignore line: [Target: arm-linux-gnueabihf]
  ignore line: [Configured with: ../src/configure -v --with-pkgversion='Debian 4.7.2-5+rpi1' --with-bugurl=file:///usr/share/doc/gcc-4.7/README.Bugs --enable-languages=c,c++,go,fortran,objc,obj-c++ --prefix=/usr --program-suffix=-4.7 --enable-shared --enable-linker-build-id --with-system-zlib --libexecdir=/usr/lib --without-included-gettext --enable-threads=posix --with-gxx-include-dir=/usr/include/c++/4.7 --libdir=/usr/lib --enable-nls --with-sysroot=/ --enable-clocale=gnu --enable-libstdcxx-debug --enable-libstdcxx-time=yes --enable-gnu-unique-object --disable-libitm --enable-plugin --enable-objc-gc --disable-sjlj-exceptions --with-arch=armv6 --with-fpu=vfp --with-float=hard --enable-checking=release --build=arm-linux-gnueabihf --host=arm-linux-gnueabihf --target=arm-linux-gnueabihf]
  ignore line: [Thread model: posix]
  ignore line: [gcc version 4.7.2 (Debian 4.7.2-5+rpi1) ]
  ignore line: [COMPILER_PATH=/usr/lib/gcc/arm-linux-gnueabihf/4.7/:/usr/lib/gcc/arm-linux-gnueabihf/4.7/:/usr/lib/gcc/arm-linux-gnueabihf/:/usr/lib/gcc/arm-linux-gnueabihf/4.7/:/usr/lib/gcc/arm-linux-gnueabihf/]
  ignore line: [LIBRARY_PATH=/usr/lib/gcc/arm-linux-gnueabihf/4.7/:/usr/lib/gcc/arm-linux-gnueabihf/4.7/../../../arm-linux-gnueabihf/:/usr/lib/gcc/arm-linux-gnueabihf/4.7/../../../:/lib/arm-linux-gnueabihf/:/lib/:/usr/lib/arm-linux-gnueabihf/:/usr/lib/]
  ignore line: [COLLECT_GCC_OPTIONS='-v' '-o' 'cmTryCompileExec1656016586' '-rdynamic' '-march=armv6' '-mfloat-abi=hard' '-mfpu=vfp' '-mtls-dialect=gnu']
  link line: [ /usr/lib/gcc/arm-linux-gnueabihf/4.7/collect2 --sysroot=/ --build-id --no-add-needed --eh-frame-hdr -export-dynamic -dynamic-linker /lib/ld-linux-armhf.so.3 -X --hash-style=both -m armelf_linux_eabi -o cmTryCompileExec1656016586 /usr/lib/gcc/arm-linux-gnueabihf/4.7/../../../arm-linux-gnueabihf/crt1.o /usr/lib/gcc/arm-linux-gnueabihf/4.7/../../../arm-linux-gnueabihf/crti.o /usr/lib/gcc/arm-linux-gnueabihf/4.7/crtbegin.o -L/usr/lib/gcc/arm-linux-gnueabihf/4.7 -L/usr/lib/gcc/arm-linux-gnueabihf/4.7/../../../arm-linux-gnueabihf -L/usr/lib/gcc/arm-linux-gnueabihf/4.7/../../.. -L/lib/arm-linux-gnueabihf -L/usr/lib/arm-linux-gnueabihf CMakeFiles/cmTryCompileExec1656016586.dir/CMakeCCompilerABI.c.o -lgcc --as-needed -lgcc_s --no-as-needed -lc -lgcc --as-needed -lgcc_s --no-as-needed /usr/lib/gcc/arm-linux-gnueabihf/4.7/crtend.o /usr/lib/gcc/arm-linux-gnueabihf/4.7/../../../arm-linux-gnueabihf/crtn.o]
    arg [/usr/lib/gcc/arm-linux-gnueabihf/4.7/collect2] ==> ignore
    arg [--sysroot=/] ==> ignore
    arg [--build-id] ==> ignore
    arg [--no-add-needed] ==> ignore
    arg [--eh-frame-hdr] ==> ignore
    arg [-export-dynamic] ==> ignore
    arg [-dynamic-linker] ==> ignore
    arg [/lib/ld-linux-armhf.so.3] ==> ignore
    arg [-X] ==> ignore
    arg [--hash-style=both] ==> ignore
    arg [-m] ==> ignore
    arg [armelf_linux_eabi] ==> ignore
    arg [-o] ==> ignore
    arg [cmTryCompileExec1656016586] ==> ignore
    arg [/usr/lib/gcc/arm-linux-gnueabihf/4.7/../../../arm-linux-gnueabihf/crt1.o] ==> ignore
    arg [/usr/lib/gcc/arm-linux-gnueabihf/4.7/../../../arm-linux-gnueabihf/crti.o] ==> ignore
    arg [/usr/lib/gcc/arm-linux-gnueabihf/4.7/crtbegin.o] ==> ignore
    arg [-L/usr/lib/gcc/arm-linux-gnueabihf/4.7] ==> dir [/usr/lib/gcc/arm-linux-gnueabihf/4.7]
    arg [-L/usr/lib/gcc/arm-linux-gnueabihf/4.7/../../../arm-linux-gnueabihf] ==> dir [/usr/lib/gcc/arm-linux-gnueabihf/4.7/../../../arm-linux-gnueabihf]
    arg [-L/usr/lib/gcc/arm-linux-gnueabihf/4.7/../../..] ==> dir [/usr/lib/gcc/arm-linux-gnueabihf/4.7/../../..]
    arg [-L/lib/arm-linux-gnueabihf] ==> dir [/lib/arm-linux-gnueabihf]
    arg [-L/usr/lib/arm-linux-gnueabihf] ==> dir [/usr/lib/arm-linux-gnueabihf]
    arg [CMakeFiles/cmTryCompileExec1656016586.dir/CMakeCCompilerABI.c.o] ==> ignore
    arg [-lgcc] ==> lib [gcc]
    arg [--as-needed] ==> ignore
    arg [-lgcc_s] ==> lib [gcc_s]
    arg [--no-as-needed] ==> ignore
    arg [-lc] ==> lib [c]
    arg [-lgcc] ==> lib [gcc]
    arg [--as-needed] ==> ignore
    arg [-lgcc_s] ==> lib [gcc_s]
    arg [--no-as-needed] ==> ignore
    arg [/usr/lib/gcc/arm-linux-gnueabihf/4.7/crtend.o] ==> ignore
    arg [/usr/lib/gcc/arm-linux-gnueabihf/4.7/../../../arm-linux-gnueabihf/crtn.o] ==> ignore
  remove lib [gcc]
  remove lib [gcc_s]
  remove lib [gcc]
  remove lib [gcc_s]
  collapse dir [/usr/lib/gcc/arm-linux-gnueabihf/4.7] ==> [/usr/lib/gcc/arm-linux-gnueabihf/4.7]
  collapse dir [/usr/lib/gcc/arm-linux-gnueabihf/4.7/../../../arm-linux-gnueabihf] ==> [/usr/lib/arm-linux-gnueabihf]
  collapse dir [/usr/lib/gcc/arm-linux-gnueabihf/4.7/../../..] ==> [/usr/lib]
  collapse dir [/lib/arm-linux-gnueabihf] ==> [/lib/arm-linux-gnueabihf]
  collapse dir [/usr/lib/arm-linux-gnueabihf] ==> [/usr/lib/arm-linux-gnueabihf]
  implicit libs: [c]
  implicit dirs: [/usr/lib/gcc/arm-linux-gnueabihf/4.7;/usr/lib/arm-linux-gnueabihf;/usr/lib;/lib/arm-linux-gnueabihf]


Determining if the CXX compiler works passed with the following output:
Change Dir: /home/jezierski/public_html/soap_server/CMakeFiles/CMakeTmp

Run Build Command:/usr/bin/make "cmTryCompileExec2242311160/fast"
/usr/bin/make -f CMakeFiles/cmTryCompileExec2242311160.dir/build.make CMakeFiles/cmTryCompileExec2242311160.dir/build
make[1]: Wejście do katalogu `/home/jezierski/public_html/soap_server/CMakeFiles/CMakeTmp'
/usr/bin/cmake -E cmake_progress_report /home/jezierski/public_html/soap_server/CMakeFiles/CMakeTmp/CMakeFiles 1
Building CXX object CMakeFiles/cmTryCompileExec2242311160.dir/testCXXCompiler.cxx.o
/usr/bin/g++     -o CMakeFiles/cmTryCompileExec2242311160.dir/testCXXCompiler.cxx.o -c /home/jezierski/public_html/soap_server/CMakeFiles/CMakeTmp/testCXXCompiler.cxx
Linking CXX executable cmTryCompileExec2242311160
/usr/bin/cmake -E cmake_link_script CMakeFiles/cmTryCompileExec2242311160.dir/link.txt --verbose=1
/usr/bin/g++          CMakeFiles/cmTryCompileExec2242311160.dir/testCXXCompiler.cxx.o  -o cmTryCompileExec2242311160 -rdynamic 
make[1]: Opuszczenie katalogu `/home/jezierski/public_html/soap_server/CMakeFiles/CMakeTmp'


Detecting CXX compiler ABI info compiled with the following output:
Change Dir: /home/jezierski/public_html/soap_server/CMakeFiles/CMakeTmp

Run Build Command:/usr/bin/make "cmTryCompileExec153574981/fast"
/usr/bin/make -f CMakeFiles/cmTryCompileExec153574981.dir/build.make CMakeFiles/cmTryCompileExec153574981.dir/build
make[1]: Wejście do katalogu `/home/jezierski/public_html/soap_server/CMakeFiles/CMakeTmp'
/usr/bin/cmake -E cmake_progress_report /home/jezierski/public_html/soap_server/CMakeFiles/CMakeTmp/CMakeFiles 1
Building CXX object CMakeFiles/cmTryCompileExec153574981.dir/CMakeCXXCompilerABI.cpp.o
/usr/bin/g++     -o CMakeFiles/cmTryCompileExec153574981.dir/CMakeCXXCompilerABI.cpp.o -c /usr/share/cmake-2.8/Modules/CMakeCXXCompilerABI.cpp
Linking CXX executable cmTryCompileExec153574981
/usr/bin/cmake -E cmake_link_script CMakeFiles/cmTryCompileExec153574981.dir/link.txt --verbose=1
/usr/bin/g++        -v CMakeFiles/cmTryCompileExec153574981.dir/CMakeCXXCompilerABI.cpp.o  -o cmTryCompileExec153574981 -rdynamic  
Using built-in specs.
COLLECT_GCC=/usr/bin/g++
COLLECT_LTO_WRAPPER=/usr/lib/gcc/arm-linux-gnueabihf/4.7/lto-wrapper
Target: arm-linux-gnueabihf
Configured with: ../src/configure -v --with-pkgversion='Debian 4.7.2-5+rpi1' --with-bugurl=file:///usr/share/doc/gcc-4.7/README.Bugs --enable-languages=c,c++,go,fortran,objc,obj-c++ --prefix=/usr --program-suffix=-4.7 --enable-shared --enable-linker-build-id --with-system-zlib --libexecdir=/usr/lib --without-included-gettext --enable-threads=posix --with-gxx-include-dir=/usr/include/c++/4.7 --libdir=/usr/lib --enable-nls --with-sysroot=/ --enable-clocale=gnu --enable-libstdcxx-debug --enable-libstdcxx-time=yes --enable-gnu-unique-object --disable-libitm --enable-plugin --enable-objc-gc --disable-sjlj-exceptions --with-arch=armv6 --with-fpu=vfp --with-float=hard --enable-checking=release --build=arm-linux-gnueabihf --host=arm-linux-gnueabihf --target=arm-linux-gnueabihf
Thread model: posix
gcc version 4.7.2 (Debian 4.7.2-5+rpi1) 
COMPILER_PATH=/usr/lib/gcc/arm-linux-gnueabihf/4.7/:/usr/lib/gcc/arm-linux-gnueabihf/4.7/:/usr/lib/gcc/arm-linux-gnueabihf/:/usr/lib/gcc/arm-linux-gnueabihf/4.7/:/usr/lib/gcc/arm-linux-gnueabihf/
LIBRARY_PATH=/usr/lib/gcc/arm-linux-gnueabihf/4.7/:/usr/lib/gcc/arm-linux-gnueabihf/4.7/../../../arm-linux-gnueabihf/:/usr/lib/gcc/arm-linux-gnueabihf/4.7/../../../:/lib/arm-linux-gnueabihf/:/lib/:/usr/lib/arm-linux-gnueabihf/:/usr/lib/
COLLECT_GCC_OPTIONS='-v' '-o' 'cmTryCompileExec153574981' '-rdynamic' '-shared-libgcc' '-march=armv6' '-mfloat-abi=hard' '-mfpu=vfp' '-mtls-dialect=gnu'
 /usr/lib/gcc/arm-linux-gnueabihf/4.7/collect2 --sysroot=/ --build-id --no-add-needed --eh-frame-hdr -export-dynamic -dynamic-linker /lib/ld-linux-armhf.so.3 -X --hash-style=both -m armelf_linux_eabi -o cmTryCompileExec153574981 /usr/lib/gcc/arm-linux-gnueabihf/4.7/../../../arm-linux-gnueabihf/crt1.o /usr/lib/gcc/arm-linux-gnueabihf/4.7/../../../arm-linux-gnueabihf/crti.o /usr/lib/gcc/arm-linux-gnueabihf/4.7/crtbegin.o -L/usr/lib/gcc/arm-linux-gnueabihf/4.7 -L/usr/lib/gcc/arm-linux-gnueabihf/4.7/../../../arm-linux-gnueabihf -L/usr/lib/gcc/arm-linux-gnueabihf/4.7/../../.. -L/lib/arm-linux-gnueabihf -L/usr/lib/arm-linux-gnueabihf CMakeFiles/cmTryCompileExec153574981.dir/CMakeCXXCompilerABI.cpp.o -lstdc++ -lm -lgcc_s -lgcc -lc -lgcc_s -lgcc /usr/lib/gcc/arm-linux-gnueabihf/4.7/crtend.o /usr/lib/gcc/arm-linux-gnueabihf/4.7/../../../arm-linux-gnueabihf/crtn.o
make[1]: Opuszczenie katalogu `/home/jezierski/public_html/soap_server/CMakeFiles/CMakeTmp'


Parsed CXX implicit link information from above output:
  link line regex: [^( *|.*[/\])(ld|ld|collect2)[^/\]*( |$)]
  ignore line: [Change Dir: /home/jezierski/public_html/soap_server/CMakeFiles/CMakeTmp]
  ignore line: []
  ignore line: [Run Build Command:/usr/bin/make "cmTryCompileExec153574981/fast"]
  ignore line: [/usr/bin/make -f CMakeFiles/cmTryCompileExec153574981.dir/build.make CMakeFiles/cmTryCompileExec153574981.dir/build]
  ignore line: [make[1]: Wejście do katalogu `/home/jezierski/public_html/soap_server/CMakeFiles/CMakeTmp']
  ignore line: [/usr/bin/cmake -E cmake_progress_report /home/jezierski/public_html/soap_server/CMakeFiles/CMakeTmp/CMakeFiles 1]
  ignore line: [Building CXX object CMakeFiles/cmTryCompileExec153574981.dir/CMakeCXXCompilerABI.cpp.o]
  ignore line: [/usr/bin/g++     -o CMakeFiles/cmTryCompileExec153574981.dir/CMakeCXXCompilerABI.cpp.o -c /usr/share/cmake-2.8/Modules/CMakeCXXCompilerABI.cpp]
  ignore line: [Linking CXX executable cmTryCompileExec153574981]
  ignore line: [/usr/bin/cmake -E cmake_link_script CMakeFiles/cmTryCompileExec153574981.dir/link.txt --verbose=1]
  ignore line: [/usr/bin/g++        -v CMakeFiles/cmTryCompileExec153574981.dir/CMakeCXXCompilerABI.cpp.o  -o cmTryCompileExec153574981 -rdynamic  ]
  ignore line: [Using built-in specs.]
  ignore line: [COLLECT_GCC=/usr/bin/g++]
  ignore line: [COLLECT_LTO_WRAPPER=/usr/lib/gcc/arm-linux-gnueabihf/4.7/lto-wrapper]
  ignore line: [Target: arm-linux-gnueabihf]
  ignore line: [Configured with: ../src/configure -v --with-pkgversion='Debian 4.7.2-5+rpi1' --with-bugurl=file:///usr/share/doc/gcc-4.7/README.Bugs --enable-languages=c,c++,go,fortran,objc,obj-c++ --prefix=/usr --program-suffix=-4.7 --enable-shared --enable-linker-build-id --with-system-zlib --libexecdir=/usr/lib --without-included-gettext --enable-threads=posix --with-gxx-include-dir=/usr/include/c++/4.7 --libdir=/usr/lib --enable-nls --with-sysroot=/ --enable-clocale=gnu --enable-libstdcxx-debug --enable-libstdcxx-time=yes --enable-gnu-unique-object --disable-libitm --enable-plugin --enable-objc-gc --disable-sjlj-exceptions --with-arch=armv6 --with-fpu=vfp --with-float=hard --enable-checking=release --build=arm-linux-gnueabihf --host=arm-linux-gnueabihf --target=arm-linux-gnueabihf]
  ignore line: [Thread model: posix]
  ignore line: [gcc version 4.7.2 (Debian 4.7.2-5+rpi1) ]
  ignore line: [COMPILER_PATH=/usr/lib/gcc/arm-linux-gnueabihf/4.7/:/usr/lib/gcc/arm-linux-gnueabihf/4.7/:/usr/lib/gcc/arm-linux-gnueabihf/:/usr/lib/gcc/arm-linux-gnueabihf/4.7/:/usr/lib/gcc/arm-linux-gnueabihf/]
  ignore line: [LIBRARY_PATH=/usr/lib/gcc/arm-linux-gnueabihf/4.7/:/usr/lib/gcc/arm-linux-gnueabihf/4.7/../../../arm-linux-gnueabihf/:/usr/lib/gcc/arm-linux-gnueabihf/4.7/../../../:/lib/arm-linux-gnueabihf/:/lib/:/usr/lib/arm-linux-gnueabihf/:/usr/lib/]
  ignore line: [COLLECT_GCC_OPTIONS='-v' '-o' 'cmTryCompileExec153574981' '-rdynamic' '-shared-libgcc' '-march=armv6' '-mfloat-abi=hard' '-mfpu=vfp' '-mtls-dialect=gnu']
  link line: [ /usr/lib/gcc/arm-linux-gnueabihf/4.7/collect2 --sysroot=/ --build-id --no-add-needed --eh-frame-hdr -export-dynamic -dynamic-linker /lib/ld-linux-armhf.so.3 -X --hash-style=both -m armelf_linux_eabi -o cmTryCompileExec153574981 /usr/lib/gcc/arm-linux-gnueabihf/4.7/../../../arm-linux-gnueabihf/crt1.o /usr/lib/gcc/arm-linux-gnueabihf/4.7/../../../arm-linux-gnueabihf/crti.o /usr/lib/gcc/arm-linux-gnueabihf/4.7/crtbegin.o -L/usr/lib/gcc/arm-linux-gnueabihf/4.7 -L/usr/lib/gcc/arm-linux-gnueabihf/4.7/../../../arm-linux-gnueabihf -L/usr/lib/gcc/arm-linux-gnueabihf/4.7/../../.. -L/lib/arm-linux-gnueabihf -L/usr/lib/arm-linux-gnueabihf CMakeFiles/cmTryCompileExec153574981.dir/CMakeCXXCompilerABI.cpp.o -lstdc++ -lm -lgcc_s -lgcc -lc -lgcc_s -lgcc /usr/lib/gcc/arm-linux-gnueabihf/4.7/crtend.o /usr/lib/gcc/arm-linux-gnueabihf/4.7/../../../arm-linux-gnueabihf/crtn.o]
    arg [/usr/lib/gcc/arm-linux-gnueabihf/4.7/collect2] ==> ignore
    arg [--sysroot=/] ==> ignore
    arg [--build-id] ==> ignore
    arg [--no-add-needed] ==> ignore
    arg [--eh-frame-hdr] ==> ignore
    arg [-export-dynamic] ==> ignore
    arg [-dynamic-linker] ==> ignore
    arg [/lib/ld-linux-armhf.so.3] ==> ignore
    arg [-X] ==> ignore
    arg [--hash-style=both] ==> ignore
    arg [-m] ==> ignore
    arg [armelf_linux_eabi] ==> ignore
    arg [-o] ==> ignore
    arg [cmTryCompileExec153574981] ==> ignore
    arg [/usr/lib/gcc/arm-linux-gnueabihf/4.7/../../../arm-linux-gnueabihf/crt1.o] ==> ignore
    arg [/usr/lib/gcc/arm-linux-gnueabihf/4.7/../../../arm-linux-gnueabihf/crti.o] ==> ignore
    arg [/usr/lib/gcc/arm-linux-gnueabihf/4.7/crtbegin.o] ==> ignore
    arg [-L/usr/lib/gcc/arm-linux-gnueabihf/4.7] ==> dir [/usr/lib/gcc/arm-linux-gnueabihf/4.7]
    arg [-L/usr/lib/gcc/arm-linux-gnueabihf/4.7/../../../arm-linux-gnueabihf] ==> dir [/usr/lib/gcc/arm-linux-gnueabihf/4.7/../../../arm-linux-gnueabihf]
    arg [-L/usr/lib/gcc/arm-linux-gnueabihf/4.7/../../..] ==> dir [/usr/lib/gcc/arm-linux-gnueabihf/4.7/../../..]
    arg [-L/lib/arm-linux-gnueabihf] ==> dir [/lib/arm-linux-gnueabihf]
    arg [-L/usr/lib/arm-linux-gnueabihf] ==> dir [/usr/lib/arm-linux-gnueabihf]
    arg [CMakeFiles/cmTryCompileExec153574981.dir/CMakeCXXCompilerABI.cpp.o] ==> ignore
    arg [-lstdc++] ==> lib [stdc++]
    arg [-lm] ==> lib [m]
    arg [-lgcc_s] ==> lib [gcc_s]
    arg [-lgcc] ==> lib [gcc]
    arg [-lc] ==> lib [c]
    arg [-lgcc_s] ==> lib [gcc_s]
    arg [-lgcc] ==> lib [gcc]
    arg [/usr/lib/gcc/arm-linux-gnueabihf/4.7/crtend.o] ==> ignore
    arg [/usr/lib/gcc/arm-linux-gnueabihf/4.7/../../../arm-linux-gnueabihf/crtn.o] ==> ignore
  remove lib [gcc_s]
  remove lib [gcc]
  remove lib [gcc_s]
  remove lib [gcc]
  collapse dir [/usr/lib/gcc/arm-linux-gnueabihf/4.7] ==> [/usr/lib/gcc/arm-linux-gnueabihf/4.7]
  collapse dir [/usr/lib/gcc/arm-linux-gnueabihf/4.7/../../../arm-linux-gnueabihf] ==> [/usr/lib/arm-linux-gnueabihf]
  collapse dir [/usr/lib/gcc/arm-linux-gnueabihf/4.7/../../..] ==> [/usr/lib]
  collapse dir [/lib/arm-linux-gnueabihf] ==> [/lib/arm-linux-gnueabihf]
  collapse dir [/usr/lib/arm-linux-gnueabihf] ==> [/usr/lib/arm-linux-gnueabihf]
  implicit libs: [stdc++;m;c]
  implicit dirs: [/usr/lib/gcc/arm-linux-gnueabihf/4.7;/usr/lib/arm-linux-gnueabihf;/usr/lib;/lib/arm-linux-gnueabihf]


The system is: Linux - 3.6.11+ - armv6l
Compiling the C compiler identification source file "CMakeCCompilerId.c" succeeded.
Compiler: /usr/bin/gcc 
Build flags: 
Id flags: 

The output was:
0


Compilation of the C compiler identification source "CMakeCCompilerId.c" produced "a.out"

The C compiler identification is GNU, found in "/home/jezierski/public_html/soap_server/CMakeFiles/CompilerIdC/a.out"

Compiling the CXX compiler identification source file "CMakeCXXCompilerId.cpp" succeeded.
Compiler: /usr/bin/g++ 
Build flags: 
Id flags: 

The output was:
0


Compilation of the CXX compiler identification source "CMakeCXXCompilerId.cpp" produced "a.out"

The CXX compiler identification is GNU, found in "/home/jezierski/public_html/soap_server/CMakeFiles/CompilerIdCXX/a.out"

Determining if the C compiler works passed with the following output:
Change Dir: /home/jezierski/public_html/soap_server/CMakeFiles/CMakeTmp

Run Build Command:/usr/bin/make "cmTryCompileExec572814204/fast"
/usr/bin/make -f CMakeFiles/cmTryCompileExec572814204.dir/build.make CMakeFiles/cmTryCompileExec572814204.dir/build
make[1]: Wejście do katalogu `/home/jezierski/public_html/soap_server/CMakeFiles/CMakeTmp'
/usr/bin/cmake -E cmake_progress_report /home/jezierski/public_html/soap_server/CMakeFiles/CMakeTmp/CMakeFiles 1
Building C object CMakeFiles/cmTryCompileExec572814204.dir/testCCompiler.c.o
/usr/bin/gcc    -o CMakeFiles/cmTryCompileExec572814204.dir/testCCompiler.c.o   -c /home/jezierski/public_html/soap_server/CMakeFiles/CMakeTmp/testCCompiler.c
Linking C executable cmTryCompileExec572814204
/usr/bin/cmake -E cmake_link_script CMakeFiles/cmTryCompileExec572814204.dir/link.txt --verbose=1
/usr/bin/gcc         CMakeFiles/cmTryCompileExec572814204.dir/testCCompiler.c.o  -o cmTryCompileExec572814204 -rdynamic 
make[1]: Opuszczenie katalogu `/home/jezierski/public_html/soap_server/CMakeFiles/CMakeTmp'


Detecting C compiler ABI info compiled with the following output:
Change Dir: /home/jezierski/public_html/soap_server/CMakeFiles/CMakeTmp

Run Build Command:/usr/bin/make "cmTryCompileExec3714515683/fast"
/usr/bin/make -f CMakeFiles/cmTryCompileExec3714515683.dir/build.make CMakeFiles/cmTryCompileExec3714515683.dir/build
make[1]: Wejście do katalogu `/home/jezierski/public_html/soap_server/CMakeFiles/CMakeTmp'
/usr/bin/cmake -E cmake_progress_report /home/jezierski/public_html/soap_server/CMakeFiles/CMakeTmp/CMakeFiles 1
Building C object CMakeFiles/cmTryCompileExec3714515683.dir/CMakeCCompilerABI.c.o
/usr/bin/gcc    -o CMakeFiles/cmTryCompileExec3714515683.dir/CMakeCCompilerABI.c.o   -c /usr/share/cmake-2.8/Modules/CMakeCCompilerABI.c
Linking C executable cmTryCompileExec3714515683
/usr/bin/cmake -E cmake_link_script CMakeFiles/cmTryCompileExec3714515683.dir/link.txt --verbose=1
/usr/bin/gcc       -v CMakeFiles/cmTryCompileExec3714515683.dir/CMakeCCompilerABI.c.o  -o cmTryCompileExec3714515683 -rdynamic  
Using built-in specs.
COLLECT_GCC=/usr/bin/gcc
COLLECT_LTO_WRAPPER=/usr/lib/gcc/arm-linux-gnueabihf/4.7/lto-wrapper
Target: arm-linux-gnueabihf
Configured with: ../src/configure -v --with-pkgversion='Debian 4.7.2-5+rpi1' --with-bugurl=file:///usr/share/doc/gcc-4.7/README.Bugs --enable-languages=c,c++,go,fortran,objc,obj-c++ --prefix=/usr --program-suffix=-4.7 --enable-shared --enable-linker-build-id --with-system-zlib --libexecdir=/usr/lib --without-included-gettext --enable-threads=posix --with-gxx-include-dir=/usr/include/c++/4.7 --libdir=/usr/lib --enable-nls --with-sysroot=/ --enable-clocale=gnu --enable-libstdcxx-debug --enable-libstdcxx-time=yes --enable-gnu-unique-object --disable-libitm --enable-plugin --enable-objc-gc --disable-sjlj-exceptions --with-arch=armv6 --with-fpu=vfp --with-float=hard --enable-checking=release --build=arm-linux-gnueabihf --host=arm-linux-gnueabihf --target=arm-linux-gnueabihf
Thread model: posix
gcc version 4.7.2 (Debian 4.7.2-5+rpi1) 
COMPILER_PATH=/usr/lib/gcc/arm-linux-gnueabihf/4.7/:/usr/lib/gcc/arm-linux-gnueabihf/4.7/:/usr/lib/gcc/arm-linux-gnueabihf/:/usr/lib/gcc/arm-linux-gnueabihf/4.7/:/usr/lib/gcc/arm-linux-gnueabihf/
LIBRARY_PATH=/usr/lib/gcc/arm-linux-gnueabihf/4.7/:/usr/lib/gcc/arm-linux-gnueabihf/4.7/../../../arm-linux-gnueabihf/:/usr/lib/gcc/arm-linux-gnueabihf/4.7/../../../:/lib/arm-linux-gnueabihf/:/lib/:/usr/lib/arm-linux-gnueabihf/:/usr/lib/
COLLECT_GCC_OPTIONS='-v' '-o' 'cmTryCompileExec3714515683' '-rdynamic' '-march=armv6' '-mfloat-abi=hard' '-mfpu=vfp' '-mtls-dialect=gnu'
 /usr/lib/gcc/arm-linux-gnueabihf/4.7/collect2 --sysroot=/ --build-id --no-add-needed --eh-frame-hdr -export-dynamic -dynamic-linker /lib/ld-linux-armhf.so.3 -X --hash-style=both -m armelf_linux_eabi -o cmTryCompileExec3714515683 /usr/lib/gcc/arm-linux-gnueabihf/4.7/../../../arm-linux-gnueabihf/crt1.o /usr/lib/gcc/arm-linux-gnueabihf/4.7/../../../arm-linux-gnueabihf/crti.o /usr/lib/gcc/arm-linux-gnueabihf/4.7/crtbegin.o -L/usr/lib/gcc/arm-linux-gnueabihf/4.7 -L/usr/lib/gcc/arm-linux-gnueabihf/4.7/../../../arm-linux-gnueabihf -L/usr/lib/gcc/arm-linux-gnueabihf/4.7/../../.. -L/lib/arm-linux-gnueabihf -L/usr/lib/arm-linux-gnueabihf CMakeFiles/cmTryCompileExec3714515683.dir/CMakeCCompilerABI.c.o -lgcc --as-needed -lgcc_s --no-as-needed -lc -lgcc --as-needed -lgcc_s --no-as-needed /usr/lib/gcc/arm-linux-gnueabihf/4.7/crtend.o /usr/lib/gcc/arm-linux-gnueabihf/4.7/../../../arm-linux-gnueabihf/crtn.o
make[1]: Opuszczenie katalogu `/home/jezierski/public_html/soap_server/CMakeFiles/CMakeTmp'


Parsed C implicit link information from above output:
  link line regex: [^( *|.*[/\])(ld|ld|collect2)[^/\]*( |$)]
  ignore line: [Change Dir: /home/jezierski/public_html/soap_server/CMakeFiles/CMakeTmp]
  ignore line: []
  ignore line: [Run Build Command:/usr/bin/make "cmTryCompileExec3714515683/fast"]
  ignore line: [/usr/bin/make -f CMakeFiles/cmTryCompileExec3714515683.dir/build.make CMakeFiles/cmTryCompileExec3714515683.dir/build]
  ignore line: [make[1]: Wejście do katalogu `/home/jezierski/public_html/soap_server/CMakeFiles/CMakeTmp']
  ignore line: [/usr/bin/cmake -E cmake_progress_report /home/jezierski/public_html/soap_server/CMakeFiles/CMakeTmp/CMakeFiles 1]
  ignore line: [Building C object CMakeFiles/cmTryCompileExec3714515683.dir/CMakeCCompilerABI.c.o]
  ignore line: [/usr/bin/gcc    -o CMakeFiles/cmTryCompileExec3714515683.dir/CMakeCCompilerABI.c.o   -c /usr/share/cmake-2.8/Modules/CMakeCCompilerABI.c]
  ignore line: [Linking C executable cmTryCompileExec3714515683]
  ignore line: [/usr/bin/cmake -E cmake_link_script CMakeFiles/cmTryCompileExec3714515683.dir/link.txt --verbose=1]
  ignore line: [/usr/bin/gcc       -v CMakeFiles/cmTryCompileExec3714515683.dir/CMakeCCompilerABI.c.o  -o cmTryCompileExec3714515683 -rdynamic  ]
  ignore line: [Using built-in specs.]
  ignore line: [COLLECT_GCC=/usr/bin/gcc]
  ignore line: [COLLECT_LTO_WRAPPER=/usr/lib/gcc/arm-linux-gnueabihf/4.7/lto-wrapper]
  ignore line: [Target: arm-linux-gnueabihf]
  ignore line: [Configured with: ../src/configure -v --with-pkgversion='Debian 4.7.2-5+rpi1' --with-bugurl=file:///usr/share/doc/gcc-4.7/README.Bugs --enable-languages=c,c++,go,fortran,objc,obj-c++ --prefix=/usr --program-suffix=-4.7 --enable-shared --enable-linker-build-id --with-system-zlib --libexecdir=/usr/lib --without-included-gettext --enable-threads=posix --with-gxx-include-dir=/usr/include/c++/4.7 --libdir=/usr/lib --enable-nls --with-sysroot=/ --enable-clocale=gnu --enable-libstdcxx-debug --enable-libstdcxx-time=yes --enable-gnu-unique-object --disable-libitm --enable-plugin --enable-objc-gc --disable-sjlj-exceptions --with-arch=armv6 --with-fpu=vfp --with-float=hard --enable-checking=release --build=arm-linux-gnueabihf --host=arm-linux-gnueabihf --target=arm-linux-gnueabihf]
  ignore line: [Thread model: posix]
  ignore line: [gcc version 4.7.2 (Debian 4.7.2-5+rpi1) ]
  ignore line: [COMPILER_PATH=/usr/lib/gcc/arm-linux-gnueabihf/4.7/:/usr/lib/gcc/arm-linux-gnueabihf/4.7/:/usr/lib/gcc/arm-linux-gnueabihf/:/usr/lib/gcc/arm-linux-gnueabihf/4.7/:/usr/lib/gcc/arm-linux-gnueabihf/]
  ignore line: [LIBRARY_PATH=/usr/lib/gcc/arm-linux-gnueabihf/4.7/:/usr/lib/gcc/arm-linux-gnueabihf/4.7/../../../arm-linux-gnueabihf/:/usr/lib/gcc/arm-linux-gnueabihf/4.7/../../../:/lib/arm-linux-gnueabihf/:/lib/:/usr/lib/arm-linux-gnueabihf/:/usr/lib/]
  ignore line: [COLLECT_GCC_OPTIONS='-v' '-o' 'cmTryCompileExec3714515683' '-rdynamic' '-march=armv6' '-mfloat-abi=hard' '-mfpu=vfp' '-mtls-dialect=gnu']
  link line: [ /usr/lib/gcc/arm-linux-gnueabihf/4.7/collect2 --sysroot=/ --build-id --no-add-needed --eh-frame-hdr -export-dynamic -dynamic-linker /lib/ld-linux-armhf.so.3 -X --hash-style=both -m armelf_linux_eabi -o cmTryCompileExec3714515683 /usr/lib/gcc/arm-linux-gnueabihf/4.7/../../../arm-linux-gnueabihf/crt1.o /usr/lib/gcc/arm-linux-gnueabihf/4.7/../../../arm-linux-gnueabihf/crti.o /usr/lib/gcc/arm-linux-gnueabihf/4.7/crtbegin.o -L/usr/lib/gcc/arm-linux-gnueabihf/4.7 -L/usr/lib/gcc/arm-linux-gnueabihf/4.7/../../../arm-linux-gnueabihf -L/usr/lib/gcc/arm-linux-gnueabihf/4.7/../../.. -L/lib/arm-linux-gnueabihf -L/usr/lib/arm-linux-gnueabihf CMakeFiles/cmTryCompileExec3714515683.dir/CMakeCCompilerABI.c.o -lgcc --as-needed -lgcc_s --no-as-needed -lc -lgcc --as-needed -lgcc_s --no-as-needed /usr/lib/gcc/arm-linux-gnueabihf/4.7/crtend.o /usr/lib/gcc/arm-linux-gnueabihf/4.7/../../../arm-linux-gnueabihf/crtn.o]
    arg [/usr/lib/gcc/arm-linux-gnueabihf/4.7/collect2] ==> ignore
    arg [--sysroot=/] ==> ignore
    arg [--build-id] ==> ignore
    arg [--no-add-needed] ==> ignore
    arg [--eh-frame-hdr] ==> ignore
    arg [-export-dynamic] ==> ignore
    arg [-dynamic-linker] ==> ignore
    arg [/lib/ld-linux-armhf.so.3] ==> ignore
    arg [-X] ==> ignore
    arg [--hash-style=both] ==> ignore
    arg [-m] ==> ignore
    arg [armelf_linux_eabi] ==> ignore
    arg [-o] ==> ignore
    arg [cmTryCompileExec3714515683] ==> ignore
    arg [/usr/lib/gcc/arm-linux-gnueabihf/4.7/../../../arm-linux-gnueabihf/crt1.o] ==> ignore
    arg [/usr/lib/gcc/arm-linux-gnueabihf/4.7/../../../arm-linux-gnueabihf/crti.o] ==> ignore
    arg [/usr/lib/gcc/arm-linux-gnueabihf/4.7/crtbegin.o] ==> ignore
    arg [-L/usr/lib/gcc/arm-linux-gnueabihf/4.7] ==> dir [/usr/lib/gcc/arm-linux-gnueabihf/4.7]
    arg [-L/usr/lib/gcc/arm-linux-gnueabihf/4.7/../../../arm-linux-gnueabihf] ==> dir [/usr/lib/gcc/arm-linux-gnueabihf/4.7/../../../arm-linux-gnueabihf]
    arg [-L/usr/lib/gcc/arm-linux-gnueabihf/4.7/../../..] ==> dir [/usr/lib/gcc/arm-linux-gnueabihf/4.7/../../..]
    arg [-L/lib/arm-linux-gnueabihf] ==> dir [/lib/arm-linux-gnueabihf]
    arg [-L/usr/lib/arm-linux-gnueabihf] ==> dir [/usr/lib/arm-linux-gnueabihf]
    arg [CMakeFiles/cmTryCompileExec3714515683.dir/CMakeCCompilerABI.c.o] ==> ignore
    arg [-lgcc] ==> lib [gcc]
    arg [--as-needed] ==> ignore
    arg [-lgcc_s] ==> lib [gcc_s]
    arg [--no-as-needed] ==> ignore
    arg [-lc] ==> lib [c]
    arg [-lgcc] ==> lib [gcc]
    arg [--as-needed] ==> ignore
    arg [-lgcc_s] ==> lib [gcc_s]
    arg [--no-as-needed] ==> ignore
    arg [/usr/lib/gcc/arm-linux-gnueabihf/4.7/crtend.o] ==> ignore
    arg [/usr/lib/gcc/arm-linux-gnueabihf/4.7/../../../arm-linux-gnueabihf/crtn.o] ==> ignore
  remove lib [gcc]
  remove lib [gcc_s]
  remove lib [gcc]
  remove lib [gcc_s]
  collapse dir [/usr/lib/gcc/arm-linux-gnueabihf/4.7] ==> [/usr/lib/gcc/arm-linux-gnueabihf/4.7]
  collapse dir [/usr/lib/gcc/arm-linux-gnueabihf/4.7/../../../arm-linux-gnueabihf] ==> [/usr/lib/arm-linux-gnueabihf]
  collapse dir [/usr/lib/gcc/arm-linux-gnueabihf/4.7/../../..] ==> [/usr/lib]
  collapse dir [/lib/arm-linux-gnueabihf] ==> [/lib/arm-linux-gnueabihf]
  collapse dir [/usr/lib/arm-linux-gnueabihf] ==> [/usr/lib/arm-linux-gnueabihf]
  implicit libs: [c]
  implicit dirs: [/usr/lib/gcc/arm-linux-gnueabihf/4.7;/usr/lib/arm-linux-gnueabihf;/usr/lib;/lib/arm-linux-gnueabihf]


Determining if the CXX compiler works passed with the following output:
Change Dir: /home/jezierski/public_html/soap_server/CMakeFiles/CMakeTmp

Run Build Command:/usr/bin/make "cmTryCompileExec564353111/fast"
/usr/bin/make -f CMakeFiles/cmTryCompileExec564353111.dir/build.make CMakeFiles/cmTryCompileExec564353111.dir/build
make[1]: Wejście do katalogu `/home/jezierski/public_html/soap_server/CMakeFiles/CMakeTmp'
/usr/bin/cmake -E cmake_progress_report /home/jezierski/public_html/soap_server/CMakeFiles/CMakeTmp/CMakeFiles 1
Building CXX object CMakeFiles/cmTryCompileExec564353111.dir/testCXXCompiler.cxx.o
/usr/bin/g++     -o CMakeFiles/cmTryCompileExec564353111.dir/testCXXCompiler.cxx.o -c /home/jezierski/public_html/soap_server/CMakeFiles/CMakeTmp/testCXXCompiler.cxx
Linking CXX executable cmTryCompileExec564353111
/usr/bin/cmake -E cmake_link_script CMakeFiles/cmTryCompileExec564353111.dir/link.txt --verbose=1
/usr/bin/g++          CMakeFiles/cmTryCompileExec564353111.dir/testCXXCompiler.cxx.o  -o cmTryCompileExec564353111 -rdynamic 
make[1]: Opuszczenie katalogu `/home/jezierski/public_html/soap_server/CMakeFiles/CMakeTmp'


Detecting CXX compiler ABI info compiled with the following output:
Change Dir: /home/jezierski/public_html/soap_server/CMakeFiles/CMakeTmp

Run Build Command:/usr/bin/make "cmTryCompileExec823810172/fast"
/usr/bin/make -f CMakeFiles/cmTryCompileExec823810172.dir/build.make CMakeFiles/cmTryCompileExec823810172.dir/build
make[1]: Wejście do katalogu `/home/jezierski/public_html/soap_server/CMakeFiles/CMakeTmp'
/usr/bin/cmake -E cmake_progress_report /home/jezierski/public_html/soap_server/CMakeFiles/CMakeTmp/CMakeFiles 1
Building CXX object CMakeFiles/cmTryCompileExec823810172.dir/CMakeCXXCompilerABI.cpp.o
/usr/bin/g++     -o CMakeFiles/cmTryCompileExec823810172.dir/CMakeCXXCompilerABI.cpp.o -c /usr/share/cmake-2.8/Modules/CMakeCXXCompilerABI.cpp
Linking CXX executable cmTryCompileExec823810172
/usr/bin/cmake -E cmake_link_script CMakeFiles/cmTryCompileExec823810172.dir/link.txt --verbose=1
/usr/bin/g++        -v CMakeFiles/cmTryCompileExec823810172.dir/CMakeCXXCompilerABI.cpp.o  -o cmTryCompileExec823810172 -rdynamic  
Using built-in specs.
COLLECT_GCC=/usr/bin/g++
COLLECT_LTO_WRAPPER=/usr/lib/gcc/arm-linux-gnueabihf/4.7/lto-wrapper
Target: arm-linux-gnueabihf
Configured with: ../src/configure -v --with-pkgversion='Debian 4.7.2-5+rpi1' --with-bugurl=file:///usr/share/doc/gcc-4.7/README.Bugs --enable-languages=c,c++,go,fortran,objc,obj-c++ --prefix=/usr --program-suffix=-4.7 --enable-shared --enable-linker-build-id --with-system-zlib --libexecdir=/usr/lib --without-included-gettext --enable-threads=posix --with-gxx-include-dir=/usr/include/c++/4.7 --libdir=/usr/lib --enable-nls --with-sysroot=/ --enable-clocale=gnu --enable-libstdcxx-debug --enable-libstdcxx-time=yes --enable-gnu-unique-object --disable-libitm --enable-plugin --enable-objc-gc --disable-sjlj-exceptions --with-arch=armv6 --with-fpu=vfp --with-float=hard --enable-checking=release --build=arm-linux-gnueabihf --host=arm-linux-gnueabihf --target=arm-linux-gnueabihf
Thread model: posix
gcc version 4.7.2 (Debian 4.7.2-5+rpi1) 
COMPILER_PATH=/usr/lib/gcc/arm-linux-gnueabihf/4.7/:/usr/lib/gcc/arm-linux-gnueabihf/4.7/:/usr/lib/gcc/arm-linux-gnueabihf/:/usr/lib/gcc/arm-linux-gnueabihf/4.7/:/usr/lib/gcc/arm-linux-gnueabihf/
LIBRARY_PATH=/usr/lib/gcc/arm-linux-gnueabihf/4.7/:/usr/lib/gcc/arm-linux-gnueabihf/4.7/../../../arm-linux-gnueabihf/:/usr/lib/gcc/arm-linux-gnueabihf/4.7/../../../:/lib/arm-linux-gnueabihf/:/lib/:/usr/lib/arm-linux-gnueabihf/:/usr/lib/
COLLECT_GCC_OPTIONS='-v' '-o' 'cmTryCompileExec823810172' '-rdynamic' '-shared-libgcc' '-march=armv6' '-mfloat-abi=hard' '-mfpu=vfp' '-mtls-dialect=gnu'
 /usr/lib/gcc/arm-linux-gnueabihf/4.7/collect2 --sysroot=/ --build-id --no-add-needed --eh-frame-hdr -export-dynamic -dynamic-linker /lib/ld-linux-armhf.so.3 -X --hash-style=both -m armelf_linux_eabi -o cmTryCompileExec823810172 /usr/lib/gcc/arm-linux-gnueabihf/4.7/../../../arm-linux-gnueabihf/crt1.o /usr/lib/gcc/arm-linux-gnueabihf/4.7/../../../arm-linux-gnueabihf/crti.o /usr/lib/gcc/arm-linux-gnueabihf/4.7/crtbegin.o -L/usr/lib/gcc/arm-linux-gnueabihf/4.7 -L/usr/lib/gcc/arm-linux-gnueabihf/4.7/../../../arm-linux-gnueabihf -L/usr/lib/gcc/arm-linux-gnueabihf/4.7/../../.. -L/lib/arm-linux-gnueabihf -L/usr/lib/arm-linux-gnueabihf CMakeFiles/cmTryCompileExec823810172.dir/CMakeCXXCompilerABI.cpp.o -lstdc++ -lm -lgcc_s -lgcc -lc -lgcc_s -lgcc /usr/lib/gcc/arm-linux-gnueabihf/4.7/crtend.o /usr/lib/gcc/arm-linux-gnueabihf/4.7/../../../arm-linux-gnueabihf/crtn.o
make[1]: Opuszczenie katalogu `/home/jezierski/public_html/soap_server/CMakeFiles/CMakeTmp'


Parsed CXX implicit link information from above output:
  link line regex: [^( *|.*[/\])(ld|ld|collect2)[^/\]*( |$)]
  ignore line: [Change Dir: /home/jezierski/public_html/soap_server/CMakeFiles/CMakeTmp]
  ignore line: []
  ignore line: [Run Build Command:/usr/bin/make "cmTryCompileExec823810172/fast"]
  ignore line: [/usr/bin/make -f CMakeFiles/cmTryCompileExec823810172.dir/build.make CMakeFiles/cmTryCompileExec823810172.dir/build]
  ignore line: [make[1]: Wejście do katalogu `/home/jezierski/public_html/soap_server/CMakeFiles/CMakeTmp']
  ignore line: [/usr/bin/cmake -E cmake_progress_report /home/jezierski/public_html/soap_server/CMakeFiles/CMakeTmp/CMakeFiles 1]
  ignore line: [Building CXX object CMakeFiles/cmTryCompileExec823810172.dir/CMakeCXXCompilerABI.cpp.o]
  ignore line: [/usr/bin/g++     -o CMakeFiles/cmTryCompileExec823810172.dir/CMakeCXXCompilerABI.cpp.o -c /usr/share/cmake-2.8/Modules/CMakeCXXCompilerABI.cpp]
  ignore line: [Linking CXX executable cmTryCompileExec823810172]
  ignore line: [/usr/bin/cmake -E cmake_link_script CMakeFiles/cmTryCompileExec823810172.dir/link.txt --verbose=1]
  ignore line: [/usr/bin/g++        -v CMakeFiles/cmTryCompileExec823810172.dir/CMakeCXXCompilerABI.cpp.o  -o cmTryCompileExec823810172 -rdynamic  ]
  ignore line: [Using built-in specs.]
  ignore line: [COLLECT_GCC=/usr/bin/g++]
  ignore line: [COLLECT_LTO_WRAPPER=/usr/lib/gcc/arm-linux-gnueabihf/4.7/lto-wrapper]
  ignore line: [Target: arm-linux-gnueabihf]
  ignore line: [Configured with: ../src/configure -v --with-pkgversion='Debian 4.7.2-5+rpi1' --with-bugurl=file:///usr/share/doc/gcc-4.7/README.Bugs --enable-languages=c,c++,go,fortran,objc,obj-c++ --prefix=/usr --program-suffix=-4.7 --enable-shared --enable-linker-build-id --with-system-zlib --libexecdir=/usr/lib --without-included-gettext --enable-threads=posix --with-gxx-include-dir=/usr/include/c++/4.7 --libdir=/usr/lib --enable-nls --with-sysroot=/ --enable-clocale=gnu --enable-libstdcxx-debug --enable-libstdcxx-time=yes --enable-gnu-unique-object --disable-libitm --enable-plugin --enable-objc-gc --disable-sjlj-exceptions --with-arch=armv6 --with-fpu=vfp --with-float=hard --enable-checking=release --build=arm-linux-gnueabihf --host=arm-linux-gnueabihf --target=arm-linux-gnueabihf]
  ignore line: [Thread model: posix]
  ignore line: [gcc version 4.7.2 (Debian 4.7.2-5+rpi1) ]
  ignore line: [COMPILER_PATH=/usr/lib/gcc/arm-linux-gnueabihf/4.7/:/usr/lib/gcc/arm-linux-gnueabihf/4.7/:/usr/lib/gcc/arm-linux-gnueabihf/:/usr/lib/gcc/arm-linux-gnueabihf/4.7/:/usr/lib/gcc/arm-linux-gnueabihf/]
  ignore line: [LIBRARY_PATH=/usr/lib/gcc/arm-linux-gnueabihf/4.7/:/usr/lib/gcc/arm-linux-gnueabihf/4.7/../../../arm-linux-gnueabihf/:/usr/lib/gcc/arm-linux-gnueabihf/4.7/../../../:/lib/arm-linux-gnueabihf/:/lib/:/usr/lib/arm-linux-gnueabihf/:/usr/lib/]
  ignore line: [COLLECT_GCC_OPTIONS='-v' '-o' 'cmTryCompileExec823810172' '-rdynamic' '-shared-libgcc' '-march=armv6' '-mfloat-abi=hard' '-mfpu=vfp' '-mtls-dialect=gnu']
  link line: [ /usr/lib/gcc/arm-linux-gnueabihf/4.7/collect2 --sysroot=/ --build-id --no-add-needed --eh-frame-hdr -export-dynamic -dynamic-linker /lib/ld-linux-armhf.so.3 -X --hash-style=both -m armelf_linux_eabi -o cmTryCompileExec823810172 /usr/lib/gcc/arm-linux-gnueabihf/4.7/../../../arm-linux-gnueabihf/crt1.o /usr/lib/gcc/arm-linux-gnueabihf/4.7/../../../arm-linux-gnueabihf/crti.o /usr/lib/gcc/arm-linux-gnueabihf/4.7/crtbegin.o -L/usr/lib/gcc/arm-linux-gnueabihf/4.7 -L/usr/lib/gcc/arm-linux-gnueabihf/4.7/../../../arm-linux-gnueabihf -L/usr/lib/gcc/arm-linux-gnueabihf/4.7/../../.. -L/lib/arm-linux-gnueabihf -L/usr/lib/arm-linux-gnueabihf CMakeFiles/cmTryCompileExec823810172.dir/CMakeCXXCompilerABI.cpp.o -lstdc++ -lm -lgcc_s -lgcc -lc -lgcc_s -lgcc /usr/lib/gcc/arm-linux-gnueabihf/4.7/crtend.o /usr/lib/gcc/arm-linux-gnueabihf/4.7/../../../arm-linux-gnueabihf/crtn.o]
    arg [/usr/lib/gcc/arm-linux-gnueabihf/4.7/collect2] ==> ignore
    arg [--sysroot=/] ==> ignore
    arg [--build-id] ==> ignore
    arg [--no-add-needed] ==> ignore
    arg [--eh-frame-hdr] ==> ignore
    arg [-export-dynamic] ==> ignore
    arg [-dynamic-linker] ==> ignore
    arg [/lib/ld-linux-armhf.so.3] ==> ignore
    arg [-X] ==> ignore
    arg [--hash-style=both] ==> ignore
    arg [-m] ==> ignore
    arg [armelf_linux_eabi] ==> ignore
    arg [-o] ==> ignore
    arg [cmTryCompileExec823810172] ==> ignore
    arg [/usr/lib/gcc/arm-linux-gnueabihf/4.7/../../../arm-linux-gnueabihf/crt1.o] ==> ignore
    arg [/usr/lib/gcc/arm-linux-gnueabihf/4.7/../../../arm-linux-gnueabihf/crti.o] ==> ignore
    arg [/usr/lib/gcc/arm-linux-gnueabihf/4.7/crtbegin.o] ==> ignore
    arg [-L/usr/lib/gcc/arm-linux-gnueabihf/4.7] ==> dir [/usr/lib/gcc/arm-linux-gnueabihf/4.7]
    arg [-L/usr/lib/gcc/arm-linux-gnueabihf/4.7/../../../arm-linux-gnueabihf] ==> dir [/usr/lib/gcc/arm-linux-gnueabihf/4.7/../../../arm-linux-gnueabihf]
    arg [-L/usr/lib/gcc/arm-linux-gnueabihf/4.7/../../..] ==> dir [/usr/lib/gcc/arm-linux-gnueabihf/4.7/../../..]
    arg [-L/lib/arm-linux-gnueabihf] ==> dir [/lib/arm-linux-gnueabihf]
    arg [-L/usr/lib/arm-linux-gnueabihf] ==> dir [/usr/lib/arm-linux-gnueabihf]
    arg [CMakeFiles/cmTryCompileExec823810172.dir/CMakeCXXCompilerABI.cpp.o] ==> ignore
    arg [-lstdc++] ==> lib [stdc++]
    arg [-lm] ==> lib [m]
    arg [-lgcc_s] ==> lib [gcc_s]
    arg [-lgcc] ==> lib [gcc]
    arg [-lc] ==> lib [c]
    arg [-lgcc_s] ==> lib [gcc_s]
    arg [-lgcc] ==> lib [gcc]
    arg [/usr/lib/gcc/arm-linux-gnueabihf/4.7/crtend.o] ==> ignore
    arg [/usr/lib/gcc/arm-linux-gnueabihf/4.7/../../../arm-linux-gnueabihf/crtn.o] ==> ignore
  remove lib [gcc_s]
  remove lib [gcc]
  remove lib [gcc_s]
  remove lib [gcc]
  collapse dir [/usr/lib/gcc/arm-linux-gnueabihf/4.7] ==> [/usr/lib/gcc/arm-linux-gnueabihf/4.7]
  collapse dir [/usr/lib/gcc/arm-linux-gnueabihf/4.7/../../../arm-linux-gnueabihf] ==> [/usr/lib/arm-linux-gnueabihf]
  collapse dir [/usr/lib/gcc/arm-linux-gnueabihf/4.7/../../..] ==> [/usr/lib]
  collapse dir [/lib/arm-linux-gnueabihf] ==> [/lib/arm-linux-gnueabihf]
  collapse dir [/usr/lib/arm-linux-gnueabihf] ==> [/usr/lib/arm-linux-gnueabihf]
  implicit libs: [stdc++;m;c]
  implicit dirs: [/usr/lib/gcc/arm-linux-gnueabihf/4.7;/usr/lib/arm-linux-gnueabihf;/usr/lib;/lib/arm-linux-gnueabihf]


